{"meta": {"format": 3, "version": "7.13.2", "timestamp": "2026-01-30T22:24:08.153387", "branch_coverage": false, "show_contexts": false}, "files": {"app/__init__.py": {"executed_lines": [3], "summary": {"covered_lines": 1, "num_statements": 1, "percent_covered": 100.0, "percent_covered_display": "100", "missing_lines": 0, "excluded_lines": 0, "percent_statements_covered": 100.0, "percent_statements_covered_display": "100"}, "missing_lines": [], "excluded_lines": [], "functions": {"": {"executed_lines": [3], "summary": {"covered_lines": 1, "num_statements": 1, "percent_covered": 100.0, "percent_covered_display": "100", "missing_lines": 0, "excluded_lines": 0, "percent_statements_covered": 100.0, "percent_statements_covered_display": "100"}, "missing_lines": [], "excluded_lines": [], "start_line": 1}}, "classes": {"": {"executed_lines": [3], "summary": {"covered_lines": 1, "num_statements": 1, "percent_covered": 100.0, "percent_covered_display": "100", "missing_lines": 0, "excluded_lines": 0, "percent_statements_covered": 100.0, "percent_statements_covered_display": "100"}, "missing_lines": [], "excluded_lines": [], "start_line": 1}}}, "app/agent/__init__.py": {"executed_lines": [36, 41, 46, 49, 59, 67, 72, 87, 93, 99, 105, 152, 153], "summary": {"covered_lines": 13, "num_statements": 19, "percent_covered": 68.42105263157895, "percent_covered_display": "68", "missing_lines": 6, "excluded_lines": 0, "percent_statements_covered": 68.42105263157895, "percent_statements_covered_display": "68"}, "missing_lines": [88, 90, 94, 96, 100, 102], "excluded_lines": [], "functions": {"_get_callbacks": {"executed_lines": [], "summary": {"covered_lines": 0, "num_statements": 2, "percent_covered": 0.0, "percent_covered_display": "0", "missing_lines": 2, "excluded_lines": 0, "percent_statements_covered": 0.0, "percent_statements_covered_display": "0"}, "missing_lines": [88, 90], "excluded_lines": [], "start_line": 87}, "_get_prompts": {"executed_lines": [], "summary": {"covered_lines": 0, "num_statements": 2, "percent_covered": 0.0, "percent_covered_display": "0", "missing_lines": 2, "excluded_lines": 0, "percent_statements_covered": 0.0, "percent_statements_covered_display": "0"}, "missing_lines": [94, 96], "excluded_lines": [], "start_line": 93}, "_get_memory": {"executed_lines": [], "summary": {"covered_lines": 0, "num_statements": 2, "percent_covered": 0.0, "percent_covered_display": "0", "missing_lines": 2, "excluded_lines": 0, "percent_statements_covered": 0.0, "percent_statements_covered_display": "0"}, "missing_lines": [100, 102], "excluded_lines": [], "start_line": 99}, "": {"executed_lines": [36, 41, 46, 49, 59, 67, 72, 87, 93, 99, 105, 152, 153], "summary": {"covered_lines": 13, "num_statements": 13, "percent_covered": 100.0, "percent_covered_display": "100", "missing_lines": 0, "excluded_lines": 0, "percent_statements_covered": 100.0, "percent_statements_covered_display": "100"}, "missing_lines": [], "excluded_lines": [], "start_line": 1}}, "classes": {"": {"executed_lines": [36, 41, 46, 49, 59, 67, 72, 87, 93, 99, 105, 152, 153], "summary": {"covered_lines": 13, "num_statements": 19, "percent_covered": 68.42105263157895, "percent_covered_display": "68", "missing_lines": 6, "excluded_lines": 0, "percent_statements_covered": 68.42105263157895, "percent_statements_covered_display": "68"}, "missing_lines": [88, 90, 94, 96, 100, 102], "excluded_lines": [], "start_line": 1}}}, "app/agent/agent.py": {"executed_lines": [6, 8, 10, 11, 14, 15, 18, 19, 20, 21, 24, 25, 28, 29, 30, 32, 33, 34, 35, 36, 38, 40, 43, 54, 67, 68, 69, 70, 71, 73, 79, 85, 91, 97, 98, 99, 129, 135, 136, 140, 142, 188, 234, 264, 288, 290, 291, 292, 296, 299, 325, 338], "summary": {"covered_lines": 52, "num_statements": 117, "percent_covered": 44.44444444444444, "percent_covered_display": "44", "missing_lines": 65, "excluded_lines": 0, "percent_statements_covered": 44.44444444444444, "percent_statements_covered_display": "44"}, "missing_lines": [17, 27, 101, 102, 104, 105, 107, 108, 109, 111, 117, 118, 120, 121, 122, 123, 125, 126, 127, 158, 161, 168, 177, 178, 179, 182, 183, 184, 186, 204, 207, 214, 223, 224, 225, 228, 229, 230, 231, 232, 246, 248, 253, 254, 255, 257, 259, 260, 262, 270, 271, 272, 273, 275, 279, 283, 284, 285, 286, 314, 315, 316, 318, 320, 322], "excluded_lines": [], "functions": {"LangGraphAgent.__init__": {"executed_lines": [67, 68, 69, 70, 71, 73], "summary": {"covered_lines": 6, "num_statements": 6, "percent_covered": 100.0, "percent_covered_display": "100", "missing_lines": 0, "excluded_lines": 0, "percent_statements_covered": 100.0, "percent_statements_covered_display": "100"}, "missing_lines": [], "excluded_lines": [], "start_line": 54}, "LangGraphAgent._default_system_prompt": {"executed_lines": [85], "summary": {"covered_lines": 1, "num_statements": 1, "percent_covered": 100.0, "percent_covered_display": "100", "missing_lines": 0, "excluded_lines": 0, "percent_statements_covered": 100.0, "percent_statements_covered_display": "100"}, "missing_lines": [], "excluded_lines": [], "start_line": 79}, "LangGraphAgent._get_postgres_checkpointer": {"executed_lines": [97, 98, 99], "summary": {"covered_lines": 3, "num_statements": 20, "percent_covered": 15.0, "percent_covered_display": "15", "missing_lines": 17, "excluded_lines": 0, "percent_statements_covered": 15.0, "percent_statements_covered_display": "15"}, "missing_lines": [101, 102, 104, 105, 107, 108, 109, 111, 117, 118, 120, 121, 122, 123, 125, 126, 127], "excluded_lines": [], "start_line": 91}, "LangGraphAgent._get_graph": {"executed_lines": [135, 136, 140], "summary": {"covered_lines": 3, "num_statements": 3, "percent_covered": 100.0, "percent_covered_display": "100", "missing_lines": 0, "excluded_lines": 0, "percent_statements_covered": 100.0, "percent_statements_covered_display": "100"}, "missing_lines": [], "excluded_lines": [], "start_line": 129}, "LangGraphAgent.get_response": {"executed_lines": [], "summary": {"covered_lines": 0, "num_statements": 10, "percent_covered": 0.0, "percent_covered_display": "0", "missing_lines": 10, "excluded_lines": 0, "percent_statements_covered": 0.0, "percent_statements_covered_display": "0"}, "missing_lines": [158, 161, 168, 177, 178, 179, 182, 183, 184, 186], "excluded_lines": [], "start_line": 142}, "LangGraphAgent.get_stream_response": {"executed_lines": [], "summary": {"covered_lines": 0, "num_statements": 11, "percent_covered": 0.0, "percent_covered_display": "0", "missing_lines": 11, "excluded_lines": 0, "percent_statements_covered": 0.0, "percent_statements_covered_display": "0"}, "missing_lines": [204, 207, 214, 223, 224, 225, 228, 229, 230, 231, 232], "excluded_lines": [], "start_line": 188}, "LangGraphAgent.get_chat_history": {"executed_lines": [], "summary": {"covered_lines": 0, "num_statements": 9, "percent_covered": 0.0, "percent_covered_display": "0", "missing_lines": 9, "excluded_lines": 0, "percent_statements_covered": 0.0, "percent_statements_covered_display": "0"}, "missing_lines": [246, 248, 253, 254, 255, 257, 259, 260, 262], "excluded_lines": [], "start_line": 234}, "LangGraphAgent.clear_chat_history": {"executed_lines": [], "summary": {"covered_lines": 0, "num_statements": 10, "percent_covered": 0.0, "percent_covered_display": "0", "missing_lines": 10, "excluded_lines": 0, "percent_statements_covered": 0.0, "percent_statements_covered_display": "0"}, "missing_lines": [270, 271, 272, 273, 275, 279, 283, 284, 285, 286], "excluded_lines": [], "start_line": 264}, "LangGraphAgent.close": {"executed_lines": [290, 291, 292], "summary": {"covered_lines": 3, "num_statements": 3, "percent_covered": 100.0, "percent_covered_display": "100", "missing_lines": 0, "excluded_lines": 0, "percent_statements_covered": 100.0, "percent_statements_covered_display": "100"}, "missing_lines": [], "excluded_lines": [], "start_line": 288}, "get_agent": {"executed_lines": [], "summary": {"covered_lines": 0, "num_statements": 6, "percent_covered": 0.0, "percent_covered_display": "0", "missing_lines": 6, "excluded_lines": 0, "percent_statements_covered": 0.0, "percent_statements_covered_display": "0"}, "missing_lines": [314, 315, 316, 318, 320, 322], "excluded_lines": [], "start_line": 299}, "create_agent": {"executed_lines": [338], "summary": {"covered_lines": 1, "num_statements": 1, "percent_covered": 100.0, "percent_covered_display": "100", "missing_lines": 0, "excluded_lines": 0, "percent_statements_covered": 100.0, "percent_statements_covered_display": "100"}, "missing_lines": [], "excluded_lines": [], "start_line": 325}, "": {"executed_lines": [6, 8, 10, 11, 14, 15, 18, 19, 20, 21, 24, 25, 28, 29, 30, 32, 33, 34, 35, 36, 38, 40, 43, 54, 79, 91, 129, 142, 188, 234, 264, 288, 296, 299, 325], "summary": {"covered_lines": 35, "num_statements": 37, "percent_covered": 94.5945945945946, "percent_covered_display": "95", "missing_lines": 2, "excluded_lines": 0, "percent_statements_covered": 94.5945945945946, "percent_statements_covered_display": "95"}, "missing_lines": [17, 27], "excluded_lines": [], "start_line": 1}}, "classes": {"LangGraphAgent": {"executed_lines": [67, 68, 69, 70, 71, 73, 85, 97, 98, 99, 135, 136, 140, 290, 291, 292], "summary": {"covered_lines": 16, "num_statements": 73, "percent_covered": 21.91780821917808, "percent_covered_display": "22", "missing_lines": 57, "excluded_lines": 0, "percent_statements_covered": 21.91780821917808, "percent_statements_covered_display": "22"}, "missing_lines": [101, 102, 104, 105, 107, 108, 109, 111, 117, 118, 120, 121, 122, 123, 125, 126, 127, 158, 161, 168, 177, 178, 179, 182, 183, 184, 186, 204, 207, 214, 223, 224, 225, 228, 229, 230, 231, 232, 246, 248, 253, 254, 255, 257, 259, 260, 262, 270, 271, 272, 273, 275, 279, 283, 284, 285, 286], "excluded_lines": [], "start_line": 43}, "": {"executed_lines": [6, 8, 10, 11, 14, 15, 18, 19, 20, 21, 24, 25, 28, 29, 30, 32, 33, 34, 35, 36, 38, 40, 43, 54, 79, 91, 129, 142, 188, 234, 264, 288, 296, 299, 325, 338], "summary": {"covered_lines": 36, "num_statements": 44, "percent_covered": 81.81818181818181, "percent_covered_display": "82", "missing_lines": 8, "excluded_lines": 0, "percent_statements_covered": 81.81818181818181, "percent_statements_covered_display": "82"}, "missing_lines": [17, 27, 314, 315, 316, 318, 320, 322], "excluded_lines": [], "start_line": 1}}}, "app/agent/callbacks/__init__.py": {"executed_lines": [], "summary": {"covered_lines": 0, "num_statements": 2, "percent_covered": 0.0, "percent_covered_display": "0", "missing_lines": 2, "excluded_lines": 0, "percent_statements_covered": 0.0, "percent_statements_covered_display": "0"}, "missing_lines": [24, 26], "excluded_lines": [], "functions": {"": {"executed_lines": [], "summary": {"covered_lines": 0, "num_statements": 2, "percent_covered": 0.0, "percent_covered_display": "0", "missing_lines": 2, "excluded_lines": 0, "percent_statements_covered": 0.0, "percent_statements_covered_display": "0"}, "missing_lines": [24, 26], "excluded_lines": [], "start_line": 1}}, "classes": {"": {"executed_lines": [], "summary": {"covered_lines": 0, "num_statements": 2, "percent_covered": 0.0, "percent_covered_display": "0", "missing_lines": 2, "excluded_lines": 0, "percent_statements_covered": 0.0, "percent_statements_covered_display": "0"}, "missing_lines": [24, 26], "excluded_lines": [], "start_line": 1}}}, "app/agent/callbacks/handler.py": {"executed_lines": [], "summary": {"covered_lines": 0, "num_statements": 106, "percent_covered": 0.0, "percent_covered_display": "0", "missing_lines": 106, "excluded_lines": 0, "percent_statements_covered": 0.0, "percent_statements_covered_display": "0"}, "missing_lines": [6, 8, 9, 10, 12, 13, 15, 16, 19, 35, 50, 51, 52, 53, 54, 57, 58, 59, 62, 64, 70, 71, 73, 74, 75, 77, 78, 82, 83, 84, 85, 87, 89, 102, 104, 106, 115, 116, 117, 122, 123, 125, 132, 134, 135, 136, 137, 140, 141, 142, 143, 145, 155, 156, 157, 159, 160, 164, 165, 169, 170, 171, 172, 174, 185, 187, 196, 197, 198, 200, 203, 204, 205, 206, 208, 221, 223, 225, 233, 246, 248, 250, 258, 269, 271, 272, 273, 274, 276, 285, 286, 287, 289, 292, 293, 294, 295, 297, 308, 310, 319, 325, 327, 329, 330, 331], "excluded_lines": [], "functions": {"KikiCallbackHandler.__init__": {"executed_lines": [], "summary": {"covered_lines": 0, "num_statements": 10, "percent_covered": 0.0, "percent_covered_display": "0", "missing_lines": 10, "excluded_lines": 0, "percent_statements_covered": 0.0, "percent_statements_covered_display": "0"}, "missing_lines": [50, 51, 52, 53, 54, 57, 58, 59, 62, 64], "excluded_lines": [], "start_line": 35}, "KikiCallbackHandler.langfuse": {"executed_lines": [], "summary": {"covered_lines": 0, "num_statements": 10, "percent_covered": 0.0, "percent_covered_display": "0", "missing_lines": 10, "excluded_lines": 0, "percent_statements_covered": 0.0, "percent_statements_covered_display": "0"}, "missing_lines": [73, 74, 75, 77, 78, 82, 83, 84, 85, 87], "excluded_lines": [], "start_line": 71}, "KikiCallbackHandler.on_llm_start": {"executed_lines": [], "summary": {"covered_lines": 0, "num_statements": 8, "percent_covered": 0.0, "percent_covered_display": "0", "missing_lines": 8, "excluded_lines": 0, "percent_statements_covered": 0.0, "percent_statements_covered_display": "0"}, "missing_lines": [102, 104, 106, 115, 116, 117, 122, 123], "excluded_lines": [], "start_line": 89}, "KikiCallbackHandler.on_llm_end": {"executed_lines": [], "summary": {"covered_lines": 0, "num_statements": 21, "percent_covered": 0.0, "percent_covered_display": "0", "missing_lines": 21, "excluded_lines": 0, "percent_statements_covered": 0.0, "percent_statements_covered_display": "0"}, "missing_lines": [132, 134, 135, 136, 137, 140, 141, 142, 143, 145, 155, 156, 157, 159, 160, 164, 165, 169, 170, 171, 172], "excluded_lines": [], "start_line": 125}, "KikiCallbackHandler.on_llm_error": {"executed_lines": [], "summary": {"covered_lines": 0, "num_statements": 10, "percent_covered": 0.0, "percent_covered_display": "0", "missing_lines": 10, "excluded_lines": 0, "percent_statements_covered": 0.0, "percent_statements_covered_display": "0"}, "missing_lines": [185, 187, 196, 197, 198, 200, 203, 204, 205, 206], "excluded_lines": [], "start_line": 174}, "KikiCallbackHandler.on_chat_model_start": {"executed_lines": [], "summary": {"covered_lines": 0, "num_statements": 3, "percent_covered": 0.0, "percent_covered_display": "0", "missing_lines": 3, "excluded_lines": 0, "percent_statements_covered": 0.0, "percent_statements_covered_display": "0"}, "missing_lines": [221, 223, 225], "excluded_lines": [], "start_line": 208}, "KikiCallbackHandler.on_tool_start": {"executed_lines": [], "summary": {"covered_lines": 0, "num_statements": 3, "percent_covered": 0.0, "percent_covered_display": "0", "missing_lines": 3, "excluded_lines": 0, "percent_statements_covered": 0.0, "percent_statements_covered_display": "0"}, "missing_lines": [246, 248, 250], "excluded_lines": [], "start_line": 233}, "KikiCallbackHandler.on_tool_end": {"executed_lines": [], "summary": {"covered_lines": 0, "num_statements": 14, "percent_covered": 0.0, "percent_covered_display": "0", "missing_lines": 14, "excluded_lines": 0, "percent_statements_covered": 0.0, "percent_statements_covered_display": "0"}, "missing_lines": [269, 271, 272, 273, 274, 276, 285, 286, 287, 289, 292, 293, 294, 295], "excluded_lines": [], "start_line": 258}, "KikiCallbackHandler.on_tool_error": {"executed_lines": [], "summary": {"covered_lines": 0, "num_statements": 2, "percent_covered": 0.0, "percent_covered_display": "0", "missing_lines": 2, "excluded_lines": 0, "percent_statements_covered": 0.0, "percent_statements_covered_display": "0"}, "missing_lines": [308, 310], "excluded_lines": [], "start_line": 297}, "KikiCallbackHandler.get_token_usage": {"executed_lines": [], "summary": {"covered_lines": 0, "num_statements": 1, "percent_covered": 0.0, "percent_covered_display": "0", "missing_lines": 1, "excluded_lines": 0, "percent_statements_covered": 0.0, "percent_statements_covered_display": "0"}, "missing_lines": [325], "excluded_lines": [], "start_line": 319}, "KikiCallbackHandler.reset_stats": {"executed_lines": [], "summary": {"covered_lines": 0, "num_statements": 3, "percent_covered": 0.0, "percent_covered_display": "0", "missing_lines": 3, "excluded_lines": 0, "percent_statements_covered": 0.0, "percent_statements_covered_display": "0"}, "missing_lines": [329, 330, 331], "excluded_lines": [], "start_line": 327}, "": {"executed_lines": [], "summary": {"covered_lines": 0, "num_statements": 21, "percent_covered": 0.0, "percent_covered_display": "0", "missing_lines": 21, "excluded_lines": 0, "percent_statements_covered": 0.0, "percent_statements_covered_display": "0"}, "missing_lines": [6, 8, 9, 10, 12, 13, 15, 16, 19, 35, 70, 71, 89, 125, 174, 208, 233, 258, 297, 319, 327], "excluded_lines": [], "start_line": 1}}, "classes": {"KikiCallbackHandler": {"executed_lines": [], "summary": {"covered_lines": 0, "num_statements": 85, "percent_covered": 0.0, "percent_covered_display": "0", "missing_lines": 85, "excluded_lines": 0, "percent_statements_covered": 0.0, "percent_statements_covered_display": "0"}, "missing_lines": [50, 51, 52, 53, 54, 57, 58, 59, 62, 64, 73, 74, 75, 77, 78, 82, 83, 84, 85, 87, 102, 104, 106, 115, 116, 117, 122, 123, 132, 134, 135, 136, 137, 140, 141, 142, 143, 145, 155, 156, 157, 159, 160, 164, 165, 169, 170, 171, 172, 185, 187, 196, 197, 198, 200, 203, 204, 205, 206, 221, 223, 225, 246, 248, 250, 269, 271, 272, 273, 274, 276, 285, 286, 287, 289, 292, 293, 294, 295, 308, 310, 325, 329, 330, 331], "excluded_lines": [], "start_line": 19}, "": {"executed_lines": [], "summary": {"covered_lines": 0, "num_statements": 21, "percent_covered": 0.0, "percent_covered_display": "0", "missing_lines": 21, "excluded_lines": 0, "percent_statements_covered": 0.0, "percent_statements_covered_display": "0"}, "missing_lines": [6, 8, 9, 10, 12, 13, 15, 16, 19, 35, 70, 71, 89, 125, 174, 208, 233, 258, 297, 319, 327], "excluded_lines": [], "start_line": 1}}}, "app/agent/callbacks/metrics.py": {"executed_lines": [], "summary": {"covered_lines": 0, "num_statements": 61, "percent_covered": 0.0, "percent_covered_display": "0", "missing_lines": 61, "excluded_lines": 0, "percent_statements_covered": 0.0, "percent_statements_covered_display": "0"}, "missing_lines": [6, 8, 9, 11, 13, 16, 28, 41, 42, 43, 44, 47, 48, 49, 52, 54, 60, 62, 63, 65, 66, 69, 74, 79, 84, 90, 91, 93, 94, 96, 98, 100, 101, 104, 105, 106, 109, 110, 111, 114, 115, 120, 122, 123, 125, 131, 133, 134, 136, 138, 144, 145, 147, 153, 154, 156, 158, 164, 165, 167, 173], "excluded_lines": [], "functions": {"MetricsCallbackHandler.__init__": {"executed_lines": [], "summary": {"covered_lines": 0, "num_statements": 9, "percent_covered": 0.0, "percent_covered_display": "0", "missing_lines": 9, "excluded_lines": 0, "percent_statements_covered": 0.0, "percent_statements_covered_display": "0"}, "missing_lines": [41, 42, 43, 44, 47, 48, 49, 52, 54], "excluded_lines": [], "start_line": 28}, "MetricsCallbackHandler._ensure_metrics": {"executed_lines": [], "summary": {"covered_lines": 0, "num_statements": 12, "percent_covered": 0.0, "percent_covered_display": "0", "missing_lines": 12, "excluded_lines": 0, "percent_statements_covered": 0.0, "percent_statements_covered_display": "0"}, "missing_lines": [62, 63, 65, 66, 69, 74, 79, 84, 90, 91, 93, 94], "excluded_lines": [], "start_line": 60}, "MetricsCallbackHandler.on_llm_end": {"executed_lines": [], "summary": {"covered_lines": 0, "num_statements": 14, "percent_covered": 0.0, "percent_covered_display": "0", "missing_lines": 14, "excluded_lines": 0, "percent_statements_covered": 0.0, "percent_statements_covered_display": "0"}, "missing_lines": [98, 100, 101, 104, 105, 106, 109, 110, 111, 114, 115, 120, 122, 123], "excluded_lines": [], "start_line": 96}, "MetricsCallbackHandler.on_tool_end": {"executed_lines": [], "summary": {"covered_lines": 0, "num_statements": 7, "percent_covered": 0.0, "percent_covered_display": "0", "missing_lines": 7, "excluded_lines": 0, "percent_statements_covered": 0.0, "percent_statements_covered_display": "0"}, "missing_lines": [131, 133, 134, 136, 138, 144, 145], "excluded_lines": [], "start_line": 125}, "MetricsCallbackHandler.on_tool_error": {"executed_lines": [], "summary": {"covered_lines": 0, "num_statements": 6, "percent_covered": 0.0, "percent_covered_display": "0", "missing_lines": 6, "excluded_lines": 0, "percent_statements_covered": 0.0, "percent_statements_covered_display": "0"}, "missing_lines": [153, 154, 156, 158, 164, 165], "excluded_lines": [], "start_line": 147}, "MetricsCallbackHandler.get_stats": {"executed_lines": [], "summary": {"covered_lines": 0, "num_statements": 1, "percent_covered": 0.0, "percent_covered_display": "0", "missing_lines": 1, "excluded_lines": 0, "percent_statements_covered": 0.0, "percent_statements_covered_display": "0"}, "missing_lines": [173], "excluded_lines": [], "start_line": 167}, "": {"executed_lines": [], "summary": {"covered_lines": 0, "num_statements": 12, "percent_covered": 0.0, "percent_covered_display": "0", "missing_lines": 12, "excluded_lines": 0, "percent_statements_covered": 0.0, "percent_statements_covered_display": "0"}, "missing_lines": [6, 8, 9, 11, 13, 16, 28, 60, 96, 125, 147, 167], "excluded_lines": [], "start_line": 1}}, "classes": {"MetricsCallbackHandler": {"executed_lines": [], "summary": {"covered_lines": 0, "num_statements": 49, "percent_covered": 0.0, "percent_covered_display": "0", "missing_lines": 49, "excluded_lines": 0, "percent_statements_covered": 0.0, "percent_statements_covered_display": "0"}, "missing_lines": [41, 42, 43, 44, 47, 48, 49, 52, 54, 62, 63, 65, 66, 69, 74, 79, 84, 90, 91, 93, 94, 98, 100, 101, 104, 105, 106, 109, 110, 111, 114, 115, 120, 122, 123, 131, 133, 134, 136, 138, 144, 145, 153, 154, 156, 158, 164, 165, 173], "excluded_lines": [], "start_line": 16}, "": {"executed_lines": [], "summary": {"covered_lines": 0, "num_statements": 12, "percent_covered": 0.0, "percent_covered_display": "0", "missing_lines": 12, "excluded_lines": 0, "percent_statements_covered": 0.0, "percent_statements_covered_display": "0"}, "missing_lines": [6, 8, 9, 11, 13, 16, 28, 60, 96, 125, 147, 167], "excluded_lines": [], "start_line": 1}}}, "app/agent/checkpoint.py": {"executed_lines": [9, 10, 12, 15, 16, 19, 20, 21, 24, 25, 28, 29, 30, 33, 36, 42, 43, 45, 46, 48, 50, 51, 63, 64, 67, 68, 70, 71, 83, 84, 87, 88, 90, 91, 93, 95, 97, 98, 101, 126, 127, 128, 129, 130, 131, 132, 133, 134, 135, 137, 139], "summary": {"covered_lines": 51, "num_statements": 53, "percent_covered": 96.22641509433963, "percent_covered_display": "96", "missing_lines": 2, "excluded_lines": 0, "percent_statements_covered": 96.22641509433963, "percent_statements_covered_display": "96"}, "missing_lines": [18, 27], "excluded_lines": [], "functions": {"CheckpointManager.__init__": {"executed_lines": [43], "summary": {"covered_lines": 1, "num_statements": 1, "percent_covered": 100.0, "percent_covered_display": "100", "missing_lines": 0, "excluded_lines": 0, "percent_statements_covered": 100.0, "percent_statements_covered_display": "100"}, "missing_lines": [], "excluded_lines": [], "start_line": 42}, "CheckpointManager.from_memory": {"executed_lines": [48], "summary": {"covered_lines": 1, "num_statements": 1, "percent_covered": 100.0, "percent_covered_display": "100", "missing_lines": 0, "excluded_lines": 0, "percent_statements_covered": 100.0, "percent_statements_covered_display": "100"}, "missing_lines": [], "excluded_lines": [], "start_line": 46}, "CheckpointManager.from_sqlite": {"executed_lines": [63, 64, 67, 68], "summary": {"covered_lines": 4, "num_statements": 4, "percent_covered": 100.0, "percent_covered_display": "100", "missing_lines": 0, "excluded_lines": 0, "percent_statements_covered": 100.0, "percent_statements_covered_display": "100"}, "missing_lines": [], "excluded_lines": [], "start_line": 51}, "CheckpointManager.from_postgres": {"executed_lines": [83, 84, 87, 88], "summary": {"covered_lines": 4, "num_statements": 4, "percent_covered": 100.0, "percent_covered_display": "100", "missing_lines": 0, "excluded_lines": 0, "percent_statements_covered": 100.0, "percent_statements_covered_display": "100"}, "missing_lines": [], "excluded_lines": [], "start_line": 71}, "CheckpointManager.saver": {"executed_lines": [93], "summary": {"covered_lines": 1, "num_statements": 1, "percent_covered": 100.0, "percent_covered_display": "100", "missing_lines": 0, "excluded_lines": 0, "percent_statements_covered": 100.0, "percent_statements_covered_display": "100"}, "missing_lines": [], "excluded_lines": [], "start_line": 91}, "CheckpointManager.close": {"executed_lines": [97, 98], "summary": {"covered_lines": 2, "num_statements": 2, "percent_covered": 100.0, "percent_covered_display": "100", "missing_lines": 0, "excluded_lines": 0, "percent_statements_covered": 100.0, "percent_statements_covered_display": "100"}, "missing_lines": [], "excluded_lines": [], "start_line": 95}, "create_checkpointer": {"executed_lines": [126, 127, 128, 129, 130, 131, 132, 133, 134, 135, 137, 139], "summary": {"covered_lines": 12, "num_statements": 12, "percent_covered": 100.0, "percent_covered_display": "100", "missing_lines": 0, "excluded_lines": 0, "percent_statements_covered": 100.0, "percent_statements_covered_display": "100"}, "missing_lines": [], "excluded_lines": [], "start_line": 101}, "": {"executed_lines": [9, 10, 12, 15, 16, 19, 20, 21, 24, 25, 28, 29, 30, 33, 36, 42, 45, 46, 50, 51, 70, 71, 90, 91, 95, 101], "summary": {"covered_lines": 26, "num_statements": 28, "percent_covered": 92.85714285714286, "percent_covered_display": "93", "missing_lines": 2, "excluded_lines": 0, "percent_statements_covered": 92.85714285714286, "percent_statements_covered_display": "93"}, "missing_lines": [18, 27], "excluded_lines": [], "start_line": 1}}, "classes": {"CheckpointManager": {"executed_lines": [43, 48, 63, 64, 67, 68, 83, 84, 87, 88, 93, 97, 98], "summary": {"covered_lines": 13, "num_statements": 13, "percent_covered": 100.0, "percent_covered_display": "100", "missing_lines": 0, "excluded_lines": 0, "percent_statements_covered": 100.0, "percent_statements_covered_display": "100"}, "missing_lines": [], "excluded_lines": [], "start_line": 36}, "": {"executed_lines": [9, 10, 12, 15, 16, 19, 20, 21, 24, 25, 28, 29, 30, 33, 36, 42, 45, 46, 50, 51, 70, 71, 90, 91, 95, 101, 126, 127, 128, 129, 130, 131, 132, 133, 134, 135, 137, 139], "summary": {"covered_lines": 38, "num_statements": 40, "percent_covered": 95.0, "percent_covered_display": "95", "missing_lines": 2, "excluded_lines": 0, "percent_statements_covered": 95.0, "percent_statements_covered_display": "95"}, "missing_lines": [18, 27], "excluded_lines": [], "start_line": 1}}}, "app/agent/examples.py": {"executed_lines": [], "summary": {"covered_lines": 0, "num_statements": 57, "percent_covered": 0.0, "percent_covered_display": "0", "missing_lines": 57, "excluded_lines": 0, "percent_statements_covered": 0.0, "percent_statements_covered_display": "0"}, "missing_lines": [6, 8, 9, 15, 16, 18, 24, 25, 27, 28, 31, 32, 34, 35, 38, 39, 41, 42, 45, 46, 48, 49, 55, 61, 64, 69, 75, 84, 87, 91, 93, 97, 103, 108, 111, 116, 121, 127, 137, 140, 144, 150, 155, 158, 166, 175, 181, 185, 191, 193, 195, 198, 208, 217, 222, 268, 269], "excluded_lines": [], "functions": {"search_products": {"executed_lines": [], "summary": {"covered_lines": 0, "num_statements": 2, "percent_covered": 0.0, "percent_covered_display": "0", "missing_lines": 2, "excluded_lines": 0, "percent_statements_covered": 0.0, "percent_statements_covered_display": "0"}, "missing_lines": [27, 28], "excluded_lines": [], "start_line": 25}, "check_order_status": {"executed_lines": [], "summary": {"covered_lines": 0, "num_statements": 2, "percent_covered": 0.0, "percent_covered_display": "0", "missing_lines": 2, "excluded_lines": 0, "percent_statements_covered": 0.0, "percent_statements_covered_display": "0"}, "missing_lines": [34, 35], "excluded_lines": [], "start_line": 32}, "process_refund": {"executed_lines": [], "summary": {"covered_lines": 0, "num_statements": 2, "percent_covered": 0.0, "percent_covered_display": "0", "missing_lines": 2, "excluded_lines": 0, "percent_statements_covered": 0.0, "percent_statements_covered_display": "0"}, "missing_lines": [41, 42], "excluded_lines": [], "start_line": 39}, "calculate_discount": {"executed_lines": [], "summary": {"covered_lines": 0, "num_statements": 2, "percent_covered": 0.0, "percent_covered_display": "0", "missing_lines": 2, "excluded_lines": 0, "percent_statements_covered": 0.0, "percent_statements_covered_display": "0"}, "missing_lines": [48, 49], "excluded_lines": [], "start_line": 46}, "example_router_agent": {"executed_lines": [], "summary": {"covered_lines": 0, "num_statements": 9, "percent_covered": 0.0, "percent_covered_display": "0", "missing_lines": 9, "excluded_lines": 0, "percent_statements_covered": 0.0, "percent_statements_covered_display": "0"}, "missing_lines": [61, 64, 69, 75, 84, 87, 91, 93, 97], "excluded_lines": [], "start_line": 55}, "example_supervisor_agent": {"executed_lines": [], "summary": {"covered_lines": 0, "num_statements": 8, "percent_covered": 0.0, "percent_covered_display": "0", "missing_lines": 8, "excluded_lines": 0, "percent_statements_covered": 0.0, "percent_statements_covered_display": "0"}, "missing_lines": [108, 111, 116, 121, 127, 137, 140, 144], "excluded_lines": [], "start_line": 103}, "example_handoff_agent": {"executed_lines": [], "summary": {"covered_lines": 0, "num_statements": 6, "percent_covered": 0.0, "percent_covered_display": "0", "missing_lines": 6, "excluded_lines": 0, "percent_statements_covered": 0.0, "percent_statements_covered_display": "0"}, "missing_lines": [155, 158, 166, 175, 181, 185], "excluded_lines": [], "start_line": 150}, "example_convenience_function": {"executed_lines": [], "summary": {"covered_lines": 0, "num_statements": 5, "percent_covered": 0.0, "percent_covered_display": "0", "missing_lines": 5, "excluded_lines": 0, "percent_statements_covered": 0.0, "percent_statements_covered_display": "0"}, "missing_lines": [193, 195, 198, 208, 217], "excluded_lines": [], "start_line": 191}, "": {"executed_lines": [], "summary": {"covered_lines": 0, "num_statements": 21, "percent_covered": 0.0, "percent_covered_display": "0", "missing_lines": 21, "excluded_lines": 0, "percent_statements_covered": 0.0, "percent_statements_covered_display": "0"}, "missing_lines": [6, 8, 9, 15, 16, 18, 24, 25, 31, 32, 38, 39, 45, 46, 55, 103, 150, 191, 222, 268, 269], "excluded_lines": [], "start_line": 1}}, "classes": {"": {"executed_lines": [], "summary": {"covered_lines": 0, "num_statements": 57, "percent_covered": 0.0, "percent_covered_display": "0", "missing_lines": 57, "excluded_lines": 0, "percent_statements_covered": 0.0, "percent_statements_covered_display": "0"}, "missing_lines": [6, 8, 9, 15, 16, 18, 24, 25, 27, 28, 31, 32, 34, 35, 38, 39, 41, 42, 45, 46, 48, 49, 55, 61, 64, 69, 75, 84, 87, 91, 93, 97, 103, 108, 111, 116, 121, 127, 137, 140, 144, 150, 155, 158, 166, 175, 181, 185, 191, 193, 195, 198, 208, 217, 222, 268, 269], "excluded_lines": [], "start_line": 1}}}, "app/agent/factory.py": {"executed_lines": [29, 31, 33, 34, 35, 41, 42, 43, 45, 46, 50, 59, 63, 71, 72, 74, 75, 81, 82, 84, 85, 91, 92, 94, 95, 126, 127, 130, 131, 133, 140, 141, 142, 148, 149, 155, 156, 161, 162, 167, 168, 174, 176, 177, 182, 184, 185, 202, 206, 207, 209, 210, 229, 231, 238, 239, 255, 256, 257, 259, 265, 266, 282, 283, 284, 286, 292, 293, 312, 313, 314, 316, 317, 319, 327, 328, 344, 345, 347, 351, 382], "summary": {"covered_lines": 81, "num_statements": 81, "percent_covered": 100.0, "percent_covered_display": "100", "missing_lines": 0, "excluded_lines": 0, "percent_statements_covered": 100.0, "percent_statements_covered_display": "100"}, "missing_lines": [], "excluded_lines": [], "functions": {"AgentFactory.set_default_llm_service": {"executed_lines": [81, 82], "summary": {"covered_lines": 2, "num_statements": 2, "percent_covered": 100.0, "percent_covered_display": "100", "missing_lines": 0, "excluded_lines": 0, "percent_statements_covered": 100.0, "percent_statements_covered_display": "100"}, "missing_lines": [], "excluded_lines": [], "start_line": 75}, "AgentFactory.set_default_checkpointer": {"executed_lines": [91, 92], "summary": {"covered_lines": 2, "num_statements": 2, "percent_covered": 100.0, "percent_covered_display": "100", "missing_lines": 0, "excluded_lines": 0, "percent_statements_covered": 100.0, "percent_statements_covered_display": "100"}, "missing_lines": [], "excluded_lines": [], "start_line": 85}, "AgentFactory.create_agent": {"executed_lines": [126, 127, 130, 131, 133, 140, 141, 142, 148, 149, 155, 156, 161, 162, 167, 168, 174, 176, 177, 182], "summary": {"covered_lines": 20, "num_statements": 20, "percent_covered": 100.0, "percent_covered_display": "100", "missing_lines": 0, "excluded_lines": 0, "percent_statements_covered": 100.0, "percent_statements_covered_display": "100"}, "missing_lines": [], "excluded_lines": [], "start_line": 95}, "AgentFactory._create_chat_agent": {"executed_lines": [202, 206, 207], "summary": {"covered_lines": 3, "num_statements": 3, "percent_covered": 100.0, "percent_covered_display": "100", "missing_lines": 0, "excluded_lines": 0, "percent_statements_covered": 100.0, "percent_statements_covered_display": "100"}, "missing_lines": [], "excluded_lines": [], "start_line": 185}, "AgentFactory._create_react_agent": {"executed_lines": [229, 231], "summary": {"covered_lines": 2, "num_statements": 2, "percent_covered": 100.0, "percent_covered_display": "100", "missing_lines": 0, "excluded_lines": 0, "percent_statements_covered": 100.0, "percent_statements_covered_display": "100"}, "missing_lines": [], "excluded_lines": [], "start_line": 210}, "AgentFactory._create_router_agent": {"executed_lines": [255, 256, 257, 259], "summary": {"covered_lines": 4, "num_statements": 4, "percent_covered": 100.0, "percent_covered_display": "100", "missing_lines": 0, "excluded_lines": 0, "percent_statements_covered": 100.0, "percent_statements_covered_display": "100"}, "missing_lines": [], "excluded_lines": [], "start_line": 239}, "AgentFactory._create_supervisor_agent": {"executed_lines": [282, 283, 284, 286], "summary": {"covered_lines": 4, "num_statements": 4, "percent_covered": 100.0, "percent_covered_display": "100", "missing_lines": 0, "excluded_lines": 0, "percent_statements_covered": 100.0, "percent_statements_covered_display": "100"}, "missing_lines": [], "excluded_lines": [], "start_line": 266}, "AgentFactory._create_handoff_agent": {"executed_lines": [312, 313, 314, 316, 317, 319], "summary": {"covered_lines": 6, "num_statements": 6, "percent_covered": 100.0, "percent_covered_display": "100", "missing_lines": 0, "excluded_lines": 0, "percent_statements_covered": 100.0, "percent_statements_covered_display": "100"}, "missing_lines": [], "excluded_lines": [], "start_line": 293}, "AgentFactory.create_multi_agent_system": {"executed_lines": [344, 345, 347], "summary": {"covered_lines": 3, "num_statements": 3, "percent_covered": 100.0, "percent_covered_display": "100", "missing_lines": 0, "excluded_lines": 0, "percent_statements_covered": 100.0, "percent_statements_covered_display": "100"}, "missing_lines": [], "excluded_lines": [], "start_line": 328}, "create_agent": {"executed_lines": [382], "summary": {"covered_lines": 1, "num_statements": 1, "percent_covered": 100.0, "percent_covered_display": "100", "missing_lines": 0, "excluded_lines": 0, "percent_statements_covered": 100.0, "percent_statements_covered_display": "100"}, "missing_lines": [], "excluded_lines": [], "start_line": 351}, "": {"executed_lines": [29, 31, 33, 34, 35, 41, 42, 43, 45, 46, 50, 59, 63, 71, 72, 74, 75, 84, 85, 94, 95, 184, 185, 209, 210, 238, 239, 265, 266, 292, 293, 327, 328, 351], "summary": {"covered_lines": 34, "num_statements": 34, "percent_covered": 100.0, "percent_covered_display": "100", "missing_lines": 0, "excluded_lines": 0, "percent_statements_covered": 100.0, "percent_statements_covered_display": "100"}, "missing_lines": [], "excluded_lines": [], "start_line": 1}}, "classes": {"AgentFactoryError": {"executed_lines": [], "summary": {"covered_lines": 0, "num_statements": 0, "percent_covered": 100.0, "percent_covered_display": "100", "missing_lines": 0, "excluded_lines": 0, "percent_statements_covered": 100.0, "percent_statements_covered_display": "100"}, "missing_lines": [], "excluded_lines": [], "start_line": 59}, "AgentFactory": {"executed_lines": [81, 82, 91, 92, 126, 127, 130, 131, 133, 140, 141, 142, 148, 149, 155, 156, 161, 162, 167, 168, 174, 176, 177, 182, 202, 206, 207, 229, 231, 255, 256, 257, 259, 282, 283, 284, 286, 312, 313, 314, 316, 317, 319, 344, 345, 347], "summary": {"covered_lines": 46, "num_statements": 46, "percent_covered": 100.0, "percent_covered_display": "100", "missing_lines": 0, "excluded_lines": 0, "percent_statements_covered": 100.0, "percent_statements_covered_display": "100"}, "missing_lines": [], "excluded_lines": [], "start_line": 63}, "": {"executed_lines": [29, 31, 33, 34, 35, 41, 42, 43, 45, 46, 50, 59, 63, 71, 72, 74, 75, 84, 85, 94, 95, 184, 185, 209, 210, 238, 239, 265, 266, 292, 293, 327, 328, 351, 382], "summary": {"covered_lines": 35, "num_statements": 35, "percent_covered": 100.0, "percent_covered_display": "100", "missing_lines": 0, "excluded_lines": 0, "percent_statements_covered": 100.0, "percent_statements_covered_display": "100"}, "missing_lines": [], "excluded_lines": [], "start_line": 1}}}, "app/agent/graphs/__init__.py": {"executed_lines": [32, 33, 40, 41, 47, 48, 49, 51], "summary": {"covered_lines": 8, "num_statements": 8, "percent_covered": 100.0, "percent_covered_display": "100", "missing_lines": 0, "excluded_lines": 0, "percent_statements_covered": 100.0, "percent_statements_covered_display": "100"}, "missing_lines": [], "excluded_lines": [], "functions": {"": {"executed_lines": [32, 33, 40, 41, 47, 48, 49, 51], "summary": {"covered_lines": 8, "num_statements": 8, "percent_covered": 100.0, "percent_covered_display": "100", "missing_lines": 0, "excluded_lines": 0, "percent_statements_covered": 100.0, "percent_statements_covered_display": "100"}, "missing_lines": [], "excluded_lines": [], "start_line": 1}}, "classes": {"": {"executed_lines": [32, 33, 40, 41, 47, 48, 49, 51], "summary": {"covered_lines": 8, "num_statements": 8, "percent_covered": 100.0, "percent_covered_display": "100", "missing_lines": 0, "excluded_lines": 0, "percent_statements_covered": 100.0, "percent_statements_covered_display": "100"}, "missing_lines": [], "excluded_lines": [], "start_line": 1}}}, "app/agent/graphs/base.py": {"executed_lines": [6, 7, 9, 10, 11, 13, 16, 29, 45, 56, 57, 73, 92, 114, 136], "summary": {"covered_lines": 15, "num_statements": 35, "percent_covered": 42.857142857142854, "percent_covered_display": "43", "missing_lines": 20, "excluded_lines": 0, "percent_statements_covered": 42.857142857142854, "percent_statements_covered_display": "43"}, "missing_lines": [40, 41, 42, 43, 50, 71, 87, 88, 90, 108, 109, 111, 112, 130, 131, 133, 134, 145, 146, 149], "excluded_lines": [], "functions": {"BaseGraph.__init__": {"executed_lines": [], "summary": {"covered_lines": 0, "num_statements": 4, "percent_covered": 0.0, "percent_covered_display": "0", "missing_lines": 4, "excluded_lines": 0, "percent_statements_covered": 0.0, "percent_statements_covered_display": "0"}, "missing_lines": [40, 41, 42, 43], "excluded_lines": [], "start_line": 29}, "BaseGraph._default_system_prompt": {"executed_lines": [], "summary": {"covered_lines": 0, "num_statements": 1, "percent_covered": 0.0, "percent_covered_display": "0", "missing_lines": 1, "excluded_lines": 0, "percent_statements_covered": 0.0, "percent_statements_covered_display": "0"}, "missing_lines": [50], "excluded_lines": [], "start_line": 45}, "BaseGraph.compile": {"executed_lines": [], "summary": {"covered_lines": 0, "num_statements": 1, "percent_covered": 0.0, "percent_covered_display": "0", "missing_lines": 1, "excluded_lines": 0, "percent_statements_covered": 0.0, "percent_statements_covered_display": "0"}, "missing_lines": [71], "excluded_lines": [], "start_line": 57}, "BaseGraph.ainvoke": {"executed_lines": [], "summary": {"covered_lines": 0, "num_statements": 3, "percent_covered": 0.0, "percent_covered_display": "0", "missing_lines": 3, "excluded_lines": 0, "percent_statements_covered": 0.0, "percent_statements_covered_display": "0"}, "missing_lines": [87, 88, 90], "excluded_lines": [], "start_line": 73}, "BaseGraph.astream": {"executed_lines": [], "summary": {"covered_lines": 0, "num_statements": 4, "percent_covered": 0.0, "percent_covered_display": "0", "missing_lines": 4, "excluded_lines": 0, "percent_statements_covered": 0.0, "percent_statements_covered_display": "0"}, "missing_lines": [108, 109, 111, 112], "excluded_lines": [], "start_line": 92}, "BaseGraph.astream_events": {"executed_lines": [], "summary": {"covered_lines": 0, "num_statements": 4, "percent_covered": 0.0, "percent_covered_display": "0", "missing_lines": 4, "excluded_lines": 0, "percent_statements_covered": 0.0, "percent_statements_covered_display": "0"}, "missing_lines": [130, 131, 133, 134], "excluded_lines": [], "start_line": 114}, "BaseGraph.aget_state": {"executed_lines": [], "summary": {"covered_lines": 0, "num_statements": 3, "percent_covered": 0.0, "percent_covered_display": "0", "missing_lines": 3, "excluded_lines": 0, "percent_statements_covered": 0.0, "percent_statements_covered_display": "0"}, "missing_lines": [145, 146, 149], "excluded_lines": [], "start_line": 136}, "": {"executed_lines": [6, 7, 9, 10, 11, 13, 16, 29, 45, 56, 57, 73, 92, 114, 136], "summary": {"covered_lines": 15, "num_statements": 15, "percent_covered": 100.0, "percent_covered_display": "100", "missing_lines": 0, "excluded_lines": 0, "percent_statements_covered": 100.0, "percent_statements_covered_display": "100"}, "missing_lines": [], "excluded_lines": [], "start_line": 1}}, "classes": {"BaseGraph": {"executed_lines": [], "summary": {"covered_lines": 0, "num_statements": 20, "percent_covered": 0.0, "percent_covered_display": "0", "missing_lines": 20, "excluded_lines": 0, "percent_statements_covered": 0.0, "percent_statements_covered_display": "0"}, "missing_lines": [40, 41, 42, 43, 50, 71, 87, 88, 90, 108, 109, 111, 112, 130, 131, 133, 134, 145, 146, 149], "excluded_lines": [], "start_line": 16}, "": {"executed_lines": [6, 7, 9, 10, 11, 13, 16, 29, 45, 56, 57, 73, 92, 114, 136], "summary": {"covered_lines": 15, "num_statements": 15, "percent_covered": 100.0, "percent_covered_display": "100", "missing_lines": 0, "excluded_lines": 0, "percent_statements_covered": 100.0, "percent_statements_covered_display": "100"}, "missing_lines": [], "excluded_lines": [], "start_line": 1}}}, "app/agent/graphs/cache.py": {"executed_lines": [7, 8, 10, 12, 13, 15, 18, 21, 24, 39, 46, 65, 78, 85, 128, 135, 140, 151, 154, 171, 195, 203], "summary": {"covered_lines": 22, "num_statements": 70, "percent_covered": 31.428571428571427, "percent_covered_display": "31", "missing_lines": 48, "excluded_lines": 0, "percent_statements_covered": 31.428571428571427, "percent_statements_covered_display": "31"}, "missing_lines": [33, 34, 36, 57, 58, 59, 60, 61, 63, 74, 76, 80, 81, 82, 83, 94, 96, 98, 100, 101, 102, 103, 106, 109, 110, 113, 114, 116, 117, 119, 126, 130, 131, 132, 133, 137, 138, 142, 143, 165, 166, 168, 191, 192, 199, 200, 205, 206], "excluded_lines": [], "functions": {"_create_cache_key": {"executed_lines": [], "summary": {"covered_lines": 0, "num_statements": 3, "percent_covered": 0.0, "percent_covered_display": "0", "missing_lines": 3, "excluded_lines": 0, "percent_statements_covered": 0.0, "percent_statements_covered_display": "0"}, "missing_lines": [33, 34, 36], "excluded_lines": [], "start_line": 24}, "GraphCache.__init__": {"executed_lines": [], "summary": {"covered_lines": 0, "num_statements": 6, "percent_covered": 0.0, "percent_covered_display": "0", "missing_lines": 6, "excluded_lines": 0, "percent_statements_covered": 0.0, "percent_statements_covered_display": "0"}, "missing_lines": [57, 58, 59, 60, 61, 63], "excluded_lines": [], "start_line": 46}, "GraphCache._default_graph_factory": {"executed_lines": [], "summary": {"covered_lines": 0, "num_statements": 2, "percent_covered": 0.0, "percent_covered_display": "0", "missing_lines": 2, "excluded_lines": 0, "percent_statements_covered": 0.0, "percent_statements_covered_display": "0"}, "missing_lines": [74, 76], "excluded_lines": [], "start_line": 65}, "GraphCache._evict_lru": {"executed_lines": [], "summary": {"covered_lines": 0, "num_statements": 4, "percent_covered": 0.0, "percent_covered_display": "0", "missing_lines": 4, "excluded_lines": 0, "percent_statements_covered": 0.0, "percent_statements_covered_display": "0"}, "missing_lines": [80, 81, 82, 83], "excluded_lines": [], "start_line": 78}, "GraphCache.get": {"executed_lines": [], "summary": {"covered_lines": 0, "num_statements": 16, "percent_covered": 0.0, "percent_covered_display": "0", "missing_lines": 16, "excluded_lines": 0, "percent_statements_covered": 0.0, "percent_statements_covered_display": "0"}, "missing_lines": [94, 96, 98, 100, 101, 102, 103, 106, 109, 110, 113, 114, 116, 117, 119, 126], "excluded_lines": [], "start_line": 85}, "GraphCache.clear": {"executed_lines": [], "summary": {"covered_lines": 0, "num_statements": 4, "percent_covered": 0.0, "percent_covered_display": "0", "missing_lines": 4, "excluded_lines": 0, "percent_statements_covered": 0.0, "percent_statements_covered_display": "0"}, "missing_lines": [130, 131, 132, 133], "excluded_lines": [], "start_line": 128}, "GraphCache.size": {"executed_lines": [], "summary": {"covered_lines": 0, "num_statements": 2, "percent_covered": 0.0, "percent_covered_display": "0", "missing_lines": 2, "excluded_lines": 0, "percent_statements_covered": 0.0, "percent_statements_covered_display": "0"}, "missing_lines": [137, 138], "excluded_lines": [], "start_line": 135}, "GraphCache.stats": {"executed_lines": [], "summary": {"covered_lines": 0, "num_statements": 2, "percent_covered": 0.0, "percent_covered_display": "0", "missing_lines": 2, "excluded_lines": 0, "percent_statements_covered": 0.0, "percent_statements_covered_display": "0"}, "missing_lines": [142, 143], "excluded_lines": [], "start_line": 140}, "get_graph_cache": {"executed_lines": [], "summary": {"covered_lines": 0, "num_statements": 3, "percent_covered": 0.0, "percent_covered_display": "0", "missing_lines": 3, "excluded_lines": 0, "percent_statements_covered": 0.0, "percent_statements_covered_display": "0"}, "missing_lines": [165, 166, 168], "excluded_lines": [], "start_line": 154}, "get_cached_graph": {"executed_lines": [], "summary": {"covered_lines": 0, "num_statements": 2, "percent_covered": 0.0, "percent_covered_display": "0", "missing_lines": 2, "excluded_lines": 0, "percent_statements_covered": 0.0, "percent_statements_covered_display": "0"}, "missing_lines": [191, 192], "excluded_lines": [], "start_line": 171}, "clear_graph_cache": {"executed_lines": [], "summary": {"covered_lines": 0, "num_statements": 2, "percent_covered": 0.0, "percent_covered_display": "0", "missing_lines": 2, "excluded_lines": 0, "percent_statements_covered": 0.0, "percent_statements_covered_display": "0"}, "missing_lines": [199, 200], "excluded_lines": [], "start_line": 195}, "get_graph_cache_stats": {"executed_lines": [], "summary": {"covered_lines": 0, "num_statements": 2, "percent_covered": 0.0, "percent_covered_display": "0", "missing_lines": 2, "excluded_lines": 0, "percent_statements_covered": 0.0, "percent_statements_covered_display": "0"}, "missing_lines": [205, 206], "excluded_lines": [], "start_line": 203}, "": {"executed_lines": [7, 8, 10, 12, 13, 15, 18, 21, 24, 39, 46, 65, 78, 85, 128, 135, 140, 151, 154, 171, 195, 203], "summary": {"covered_lines": 22, "num_statements": 22, "percent_covered": 100.0, "percent_covered_display": "100", "missing_lines": 0, "excluded_lines": 0, "percent_statements_covered": 100.0, "percent_statements_covered_display": "100"}, "missing_lines": [], "excluded_lines": [], "start_line": 1}}, "classes": {"GraphCache": {"executed_lines": [], "summary": {"covered_lines": 0, "num_statements": 36, "percent_covered": 0.0, "percent_covered_display": "0", "missing_lines": 36, "excluded_lines": 0, "percent_statements_covered": 0.0, "percent_statements_covered_display": "0"}, "missing_lines": [57, 58, 59, 60, 61, 63, 74, 76, 80, 81, 82, 83, 94, 96, 98, 100, 101, 102, 103, 106, 109, 110, 113, 114, 116, 117, 119, 126, 130, 131, 132, 133, 137, 138, 142, 143], "excluded_lines": [], "start_line": 39}, "": {"executed_lines": [7, 8, 10, 12, 13, 15, 18, 21, 24, 39, 46, 65, 78, 85, 128, 135, 140, 151, 154, 171, 195, 203], "summary": {"covered_lines": 22, "num_statements": 34, "percent_covered": 64.70588235294117, "percent_covered_display": "65", "missing_lines": 12, "excluded_lines": 0, "percent_statements_covered": 64.70588235294117, "percent_statements_covered_display": "65"}, "missing_lines": [33, 34, 36, 165, 166, 168, 191, 192, 199, 200, 205, 206], "excluded_lines": [], "start_line": 1}}}, "app/agent/graphs/chat.py": {"executed_lines": [6, 8, 9, 10, 11, 12, 13, 14, 15, 16, 18, 19, 20, 21, 22, 23, 25, 28, 57, 80, 107, 119, 134, 224, 275, 304, 320, 336, 360, 391], "summary": {"covered_lines": 30, "num_statements": 125, "percent_covered": 24.0, "percent_covered_display": "24", "missing_lines": 95, "excluded_lines": 0, "percent_statements_covered": 24.0, "percent_statements_covered_display": "24"}, "missing_lines": [40, 41, 43, 44, 49, 51, 52, 53, 54, 91, 94, 97, 100, 102, 113, 117, 128, 129, 130, 131, 132, 151, 153, 155, 156, 157, 160, 163, 164, 165, 167, 175, 183, 185, 186, 187, 188, 191, 193, 195, 201, 210, 212, 213, 215, 216, 219, 222, 233, 234, 237, 254, 255, 258, 260, 261, 271, 273, 291, 294, 295, 297, 302, 313, 314, 316, 317, 318, 326, 327, 329, 330, 332, 333, 334, 342, 345, 346, 349, 352, 355, 357, 358, 372, 373, 376, 377, 378, 380, 381, 383, 388, 422, 423, 424], "excluded_lines": [], "functions": {"route_by_tools": {"executed_lines": [], "summary": {"covered_lines": 0, "num_statements": 9, "percent_covered": 0.0, "percent_covered_display": "0", "missing_lines": 9, "excluded_lines": 0, "percent_statements_covered": 0.0, "percent_statements_covered_display": "0"}, "missing_lines": [40, 41, 43, 44, 49, 51, 52, 53, 54], "excluded_lines": [], "start_line": 28}, "ChatGraph.__init__": {"executed_lines": [], "summary": {"covered_lines": 0, "num_statements": 5, "percent_covered": 0.0, "percent_covered_display": "0", "missing_lines": 5, "excluded_lines": 0, "percent_statements_covered": 0.0, "percent_statements_covered_display": "0"}, "missing_lines": [91, 94, 97, 100, 102], "excluded_lines": [], "start_line": 80}, "ChatGraph._build_prompt_template": {"executed_lines": [], "summary": {"covered_lines": 0, "num_statements": 2, "percent_covered": 0.0, "percent_covered_display": "0", "missing_lines": 2, "excluded_lines": 0, "percent_statements_covered": 0.0, "percent_statements_covered_display": "0"}, "missing_lines": [113, 117], "excluded_lines": [], "start_line": 107}, "ChatGraph._get_llm_with_tools": {"executed_lines": [], "summary": {"covered_lines": 0, "num_statements": 5, "percent_covered": 0.0, "percent_covered_display": "0", "missing_lines": 5, "excluded_lines": 0, "percent_statements_covered": 0.0, "percent_statements_covered_display": "0"}, "missing_lines": [128, 129, 130, 131, 132], "excluded_lines": [], "start_line": 119}, "ChatGraph._chat_node": {"executed_lines": [], "summary": {"covered_lines": 0, "num_statements": 27, "percent_covered": 0.0, "percent_covered_display": "0", "missing_lines": 27, "excluded_lines": 0, "percent_statements_covered": 0.0, "percent_statements_covered_display": "0"}, "missing_lines": [151, 153, 155, 156, 157, 160, 163, 164, 165, 167, 175, 183, 185, 186, 187, 188, 191, 193, 195, 201, 210, 212, 213, 215, 216, 219, 222], "excluded_lines": [], "start_line": 134}, "ChatGraph._should_retry": {"executed_lines": [], "summary": {"covered_lines": 0, "num_statements": 10, "percent_covered": 0.0, "percent_covered_display": "0", "missing_lines": 10, "excluded_lines": 0, "percent_statements_covered": 0.0, "percent_statements_covered_display": "0"}, "missing_lines": [233, 234, 237, 254, 255, 258, 260, 261, 271, 273], "excluded_lines": [], "start_line": 224}, "ChatGraph._tools_node": {"executed_lines": [], "summary": {"covered_lines": 0, "num_statements": 5, "percent_covered": 0.0, "percent_covered_display": "0", "missing_lines": 5, "excluded_lines": 0, "percent_statements_covered": 0.0, "percent_statements_covered_display": "0"}, "missing_lines": [291, 294, 295, 297, 302], "excluded_lines": [], "start_line": 275}, "ChatGraph._get_tool_node": {"executed_lines": [], "summary": {"covered_lines": 0, "num_statements": 5, "percent_covered": 0.0, "percent_covered_display": "0", "missing_lines": 5, "excluded_lines": 0, "percent_statements_covered": 0.0, "percent_statements_covered_display": "0"}, "missing_lines": [313, 314, 316, 317, 318], "excluded_lines": [], "start_line": 304}, "ChatGraph._aget_tool_node": {"executed_lines": [], "summary": {"covered_lines": 0, "num_statements": 7, "percent_covered": 0.0, "percent_covered_display": "0", "missing_lines": 7, "excluded_lines": 0, "percent_statements_covered": 0.0, "percent_statements_covered_display": "0"}, "missing_lines": [326, 327, 329, 330, 332, 333, 334], "excluded_lines": [], "start_line": 320}, "ChatGraph._build_graph": {"executed_lines": [], "summary": {"covered_lines": 0, "num_statements": 8, "percent_covered": 0.0, "percent_covered_display": "0", "missing_lines": 8, "excluded_lines": 0, "percent_statements_covered": 0.0, "percent_statements_covered_display": "0"}, "missing_lines": [342, 345, 346, 349, 352, 355, 357, 358], "excluded_lines": [], "start_line": 336}, "ChatGraph.compile": {"executed_lines": [], "summary": {"covered_lines": 0, "num_statements": 9, "percent_covered": 0.0, "percent_covered_display": "0", "missing_lines": 9, "excluded_lines": 0, "percent_statements_covered": 0.0, "percent_statements_covered_display": "0"}, "missing_lines": [372, 373, 376, 377, 378, 380, 381, 383, 388], "excluded_lines": [], "start_line": 360}, "create_chat_graph": {"executed_lines": [], "summary": {"covered_lines": 0, "num_statements": 3, "percent_covered": 0.0, "percent_covered_display": "0", "missing_lines": 3, "excluded_lines": 0, "percent_statements_covered": 0.0, "percent_statements_covered_display": "0"}, "missing_lines": [422, 423, 424], "excluded_lines": [], "start_line": 391}, "": {"executed_lines": [6, 8, 9, 10, 11, 12, 13, 14, 15, 16, 18, 19, 20, 21, 22, 23, 25, 28, 57, 80, 107, 119, 134, 224, 275, 304, 320, 336, 360, 391], "summary": {"covered_lines": 30, "num_statements": 30, "percent_covered": 100.0, "percent_covered_display": "100", "missing_lines": 0, "excluded_lines": 0, "percent_statements_covered": 100.0, "percent_statements_covered_display": "100"}, "missing_lines": [], "excluded_lines": [], "start_line": 1}}, "classes": {"ChatGraph": {"executed_lines": [], "summary": {"covered_lines": 0, "num_statements": 83, "percent_covered": 0.0, "percent_covered_display": "0", "missing_lines": 83, "excluded_lines": 0, "percent_statements_covered": 0.0, "percent_statements_covered_display": "0"}, "missing_lines": [91, 94, 97, 100, 102, 113, 117, 128, 129, 130, 131, 132, 151, 153, 155, 156, 157, 160, 163, 164, 165, 167, 175, 183, 185, 186, 187, 188, 191, 193, 195, 201, 210, 212, 213, 215, 216, 219, 222, 233, 234, 237, 254, 255, 258, 260, 261, 271, 273, 291, 294, 295, 297, 302, 313, 314, 316, 317, 318, 326, 327, 329, 330, 332, 333, 334, 342, 345, 346, 349, 352, 355, 357, 358, 372, 373, 376, 377, 378, 380, 381, 383, 388], "excluded_lines": [], "start_line": 57}, "": {"executed_lines": [6, 8, 9, 10, 11, 12, 13, 14, 15, 16, 18, 19, 20, 21, 22, 23, 25, 28, 57, 80, 107, 119, 134, 224, 275, 304, 320, 336, 360, 391], "summary": {"covered_lines": 30, "num_statements": 42, "percent_covered": 71.42857142857143, "percent_covered_display": "71", "missing_lines": 12, "excluded_lines": 0, "percent_statements_covered": 71.42857142857143, "percent_statements_covered_display": "71"}, "missing_lines": [40, 41, 43, 44, 49, 51, 52, 53, 54, 422, 423, 424], "excluded_lines": [], "start_line": 1}}}, "app/agent/graphs/interrupt.py": {"executed_lines": [33, 35, 36, 37, 38, 39, 40, 41, 42, 43, 45, 46, 47, 48, 49, 51, 57, 63, 64, 65, 68, 74, 75, 76, 77, 83, 107, 125, 150, 163, 171, 183, 190, 244, 333, 368, 406, 425, 463, 494, 537], "summary": {"covered_lines": 41, "num_statements": 160, "percent_covered": 25.625, "percent_covered_display": "26", "missing_lines": 119, "excluded_lines": 0, "percent_statements_covered": 25.625, "percent_statements_covered_display": "26"}, "missing_lines": [93, 94, 95, 96, 99, 101, 138, 139, 140, 141, 142, 144, 152, 165, 169, 177, 178, 179, 180, 181, 185, 186, 187, 188, 204, 206, 207, 208, 209, 211, 212, 220, 226, 229, 230, 231, 233, 237, 239, 240, 241, 242, 260, 263, 266, 267, 268, 270, 272, 273, 274, 275, 276, 277, 278, 281, 284, 285, 286, 287, 288, 290, 292, 294, 296, 303, 310, 319, 326, 331, 347, 350, 351, 352, 358, 361, 362, 363, 364, 366, 370, 373, 374, 375, 378, 381, 384, 394, 403, 404, 411, 412, 414, 415, 416, 418, 419, 421, 423, 439, 440, 443, 444, 446, 448, 455, 461, 475, 476, 478, 481, 483, 484, 485, 486, 488, 532, 533, 534], "excluded_lines": [], "functions": {"route_after_decision": {"executed_lines": [], "summary": {"covered_lines": 0, "num_statements": 6, "percent_covered": 0.0, "percent_covered_display": "0", "missing_lines": 6, "excluded_lines": 0, "percent_statements_covered": 0.0, "percent_statements_covered_display": "0"}, "missing_lines": [93, 94, 95, 96, 99, 101], "excluded_lines": [], "start_line": 83}, "InterruptGraph.__init__": {"executed_lines": [], "summary": {"covered_lines": 0, "num_statements": 6, "percent_covered": 0.0, "percent_covered_display": "0", "missing_lines": 6, "excluded_lines": 0, "percent_statements_covered": 0.0, "percent_statements_covered_display": "0"}, "missing_lines": [138, 139, 140, 141, 142, 144], "excluded_lines": [], "start_line": 125}, "InterruptGraph._default_system_prompt": {"executed_lines": [], "summary": {"covered_lines": 0, "num_statements": 1, "percent_covered": 0.0, "percent_covered_display": "0", "missing_lines": 1, "excluded_lines": 0, "percent_statements_covered": 0.0, "percent_statements_covered_display": "0"}, "missing_lines": [152], "excluded_lines": [], "start_line": 150}, "InterruptGraph._build_prompt_template": {"executed_lines": [], "summary": {"covered_lines": 0, "num_statements": 2, "percent_covered": 0.0, "percent_covered_display": "0", "missing_lines": 2, "excluded_lines": 0, "percent_statements_covered": 0.0, "percent_statements_covered_display": "0"}, "missing_lines": [165, 169], "excluded_lines": [], "start_line": 163}, "InterruptGraph._get_llm_with_tools": {"executed_lines": [], "summary": {"covered_lines": 0, "num_statements": 5, "percent_covered": 0.0, "percent_covered_display": "0", "missing_lines": 5, "excluded_lines": 0, "percent_statements_covered": 0.0, "percent_statements_covered_display": "0"}, "missing_lines": [177, 178, 179, 180, 181], "excluded_lines": [], "start_line": 171}, "InterruptGraph._get_tool_node": {"executed_lines": [], "summary": {"covered_lines": 0, "num_statements": 4, "percent_covered": 0.0, "percent_covered_display": "0", "missing_lines": 4, "excluded_lines": 0, "percent_statements_covered": 0.0, "percent_statements_covered_display": "0"}, "missing_lines": [185, 186, 187, 188], "excluded_lines": [], "start_line": 183}, "InterruptGraph._chat_node": {"executed_lines": [], "summary": {"covered_lines": 0, "num_statements": 18, "percent_covered": 0.0, "percent_covered_display": "0", "missing_lines": 18, "excluded_lines": 0, "percent_statements_covered": 0.0, "percent_statements_covered_display": "0"}, "missing_lines": [204, 206, 207, 208, 209, 211, 212, 220, 226, 229, 230, 231, 233, 237, 239, 240, 241, 242], "excluded_lines": [], "start_line": 190}, "InterruptGraph._check_interrupt_node": {"executed_lines": [], "summary": {"covered_lines": 0, "num_statements": 28, "percent_covered": 0.0, "percent_covered_display": "0", "missing_lines": 28, "excluded_lines": 0, "percent_statements_covered": 0.0, "percent_statements_covered_display": "0"}, "missing_lines": [260, 263, 266, 267, 268, 270, 272, 273, 274, 275, 276, 277, 278, 281, 284, 285, 286, 287, 288, 290, 292, 294, 296, 303, 310, 319, 326, 331], "excluded_lines": [], "start_line": 244}, "InterruptGraph._execute_node": {"executed_lines": [], "summary": {"covered_lines": 0, "num_statements": 10, "percent_covered": 0.0, "percent_covered_display": "0", "missing_lines": 10, "excluded_lines": 0, "percent_statements_covered": 0.0, "percent_statements_covered_display": "0"}, "missing_lines": [347, 350, 351, 352, 358, 361, 362, 363, 364, 366], "excluded_lines": [], "start_line": 333}, "InterruptGraph._build_graph": {"executed_lines": [], "summary": {"covered_lines": 0, "num_statements": 10, "percent_covered": 0.0, "percent_covered_display": "0", "missing_lines": 10, "excluded_lines": 0, "percent_statements_covered": 0.0, "percent_statements_covered_display": "0"}, "missing_lines": [370, 373, 374, 375, 378, 381, 384, 394, 403, 404], "excluded_lines": [], "start_line": 368}, "InterruptGraph.compile": {"executed_lines": [], "summary": {"covered_lines": 0, "num_statements": 9, "percent_covered": 0.0, "percent_covered_display": "0", "missing_lines": 9, "excluded_lines": 0, "percent_statements_covered": 0.0, "percent_statements_covered_display": "0"}, "missing_lines": [411, 412, 414, 415, 416, 418, 419, 421, 423], "excluded_lines": [], "start_line": 406}, "InterruptGraph.aresume": {"executed_lines": [], "summary": {"covered_lines": 0, "num_statements": 8, "percent_covered": 0.0, "percent_covered_display": "0", "missing_lines": 8, "excluded_lines": 0, "percent_statements_covered": 0.0, "percent_statements_covered_display": "0"}, "missing_lines": [439, 440, 443, 444, 446, 448, 455, 461], "excluded_lines": [], "start_line": 425}, "InterruptGraph.get_pending_review": {"executed_lines": [], "summary": {"covered_lines": 0, "num_statements": 9, "percent_covered": 0.0, "percent_covered_display": "0", "missing_lines": 9, "excluded_lines": 0, "percent_statements_covered": 0.0, "percent_statements_covered_display": "0"}, "missing_lines": [475, 476, 478, 481, 483, 484, 485, 486, 488], "excluded_lines": [], "start_line": 463}, "create_interrupt_graph": {"executed_lines": [], "summary": {"covered_lines": 0, "num_statements": 3, "percent_covered": 0.0, "percent_covered_display": "0", "missing_lines": 3, "excluded_lines": 0, "percent_statements_covered": 0.0, "percent_statements_covered_display": "0"}, "missing_lines": [532, 533, 534], "excluded_lines": [], "start_line": 494}, "": {"executed_lines": [33, 35, 36, 37, 38, 39, 40, 41, 42, 43, 45, 46, 47, 48, 49, 51, 57, 63, 64, 65, 68, 74, 75, 76, 77, 83, 107, 125, 150, 163, 171, 183, 190, 244, 333, 368, 406, 425, 463, 494, 537], "summary": {"covered_lines": 41, "num_statements": 41, "percent_covered": 100.0, "percent_covered_display": "100", "missing_lines": 0, "excluded_lines": 0, "percent_statements_covered": 100.0, "percent_statements_covered_display": "100"}, "missing_lines": [], "excluded_lines": [], "start_line": 1}}, "classes": {"HumanApproval": {"executed_lines": [], "summary": {"covered_lines": 0, "num_statements": 0, "percent_covered": 100.0, "percent_covered_display": "100", "missing_lines": 0, "excluded_lines": 0, "percent_statements_covered": 100.0, "percent_statements_covered_display": "100"}, "missing_lines": [], "excluded_lines": [], "start_line": 57}, "InterruptRequest": {"executed_lines": [], "summary": {"covered_lines": 0, "num_statements": 0, "percent_covered": 100.0, "percent_covered_display": "100", "missing_lines": 0, "excluded_lines": 0, "percent_statements_covered": 100.0, "percent_statements_covered_display": "100"}, "missing_lines": [], "excluded_lines": [], "start_line": 68}, "InterruptGraph": {"executed_lines": [], "summary": {"covered_lines": 0, "num_statements": 110, "percent_covered": 0.0, "percent_covered_display": "0", "missing_lines": 110, "excluded_lines": 0, "percent_statements_covered": 0.0, "percent_statements_covered_display": "0"}, "missing_lines": [138, 139, 140, 141, 142, 144, 152, 165, 169, 177, 178, 179, 180, 181, 185, 186, 187, 188, 204, 206, 207, 208, 209, 211, 212, 220, 226, 229, 230, 231, 233, 237, 239, 240, 241, 242, 260, 263, 266, 267, 268, 270, 272, 273, 274, 275, 276, 277, 278, 281, 284, 285, 286, 287, 288, 290, 292, 294, 296, 303, 310, 319, 326, 331, 347, 350, 351, 352, 358, 361, 362, 363, 364, 366, 370, 373, 374, 375, 378, 381, 384, 394, 403, 404, 411, 412, 414, 415, 416, 418, 419, 421, 423, 439, 440, 443, 444, 446, 448, 455, 461, 475, 476, 478, 481, 483, 484, 485, 486, 488], "excluded_lines": [], "start_line": 107}, "": {"executed_lines": [33, 35, 36, 37, 38, 39, 40, 41, 42, 43, 45, 46, 47, 48, 49, 51, 57, 63, 64, 65, 68, 74, 75, 76, 77, 83, 107, 125, 150, 163, 171, 183, 190, 244, 333, 368, 406, 425, 463, 494, 537], "summary": {"covered_lines": 41, "num_statements": 50, "percent_covered": 82.0, "percent_covered_display": "82", "missing_lines": 9, "excluded_lines": 0, "percent_statements_covered": 82.0, "percent_statements_covered_display": "82"}, "missing_lines": [93, 94, 95, 96, 99, 101, 532, 533, 534], "excluded_lines": [], "start_line": 1}}}, "app/agent/graphs/nodes.py": {"executed_lines": [6, 8, 9, 10, 11, 13, 14, 17, 28, 31, 50, 74, 145, 175], "summary": {"covered_lines": 14, "num_statements": 43, "percent_covered": 32.55813953488372, "percent_covered_display": "33", "missing_lines": 29, "excluded_lines": 3, "percent_statements_covered": 32.55813953488372, "percent_statements_covered_display": "33"}, "missing_lines": [19, 21, 43, 47, 66, 67, 69, 71, 90, 106, 108, 109, 110, 111, 114, 117, 120, 128, 134, 136, 137, 139, 140, 142, 160, 163, 164, 166, 171], "excluded_lines": [24, 25, 184], "functions": {"_get_tool_node": {"executed_lines": [], "summary": {"covered_lines": 0, "num_statements": 2, "percent_covered": 0.0, "percent_covered_display": "0", "missing_lines": 2, "excluded_lines": 0, "percent_statements_covered": 0.0, "percent_statements_covered_display": "0"}, "missing_lines": [19, 21], "excluded_lines": [], "start_line": 17}, "create_prompt_template": {"executed_lines": [], "summary": {"covered_lines": 0, "num_statements": 2, "percent_covered": 0.0, "percent_covered_display": "0", "missing_lines": 2, "excluded_lines": 0, "percent_statements_covered": 0.0, "percent_statements_covered_display": "0"}, "missing_lines": [43, 47], "excluded_lines": [], "start_line": 31}, "get_llm_with_tools": {"executed_lines": [], "summary": {"covered_lines": 0, "num_statements": 4, "percent_covered": 0.0, "percent_covered_display": "0", "missing_lines": 4, "excluded_lines": 0, "percent_statements_covered": 0.0, "percent_statements_covered_display": "0"}, "missing_lines": [66, 67, 69, 71], "excluded_lines": [], "start_line": 50}, "create_chat_node_factory": {"executed_lines": [], "summary": {"covered_lines": 0, "num_statements": 2, "percent_covered": 0.0, "percent_covered_display": "0", "missing_lines": 2, "excluded_lines": 0, "percent_statements_covered": 0.0, "percent_statements_covered_display": "0"}, "missing_lines": [90, 142], "excluded_lines": [], "start_line": 74}, "create_chat_node_factory.chat_node": {"executed_lines": [], "summary": {"covered_lines": 0, "num_statements": 14, "percent_covered": 0.0, "percent_covered_display": "0", "missing_lines": 14, "excluded_lines": 0, "percent_statements_covered": 0.0, "percent_statements_covered_display": "0"}, "missing_lines": [106, 108, 109, 110, 111, 114, 117, 120, 128, 134, 136, 137, 139, 140], "excluded_lines": [], "start_line": 90}, "tools_node": {"executed_lines": [], "summary": {"covered_lines": 0, "num_statements": 5, "percent_covered": 0.0, "percent_covered_display": "0", "missing_lines": 5, "excluded_lines": 0, "percent_statements_covered": 0.0, "percent_statements_covered_display": "0"}, "missing_lines": [160, 163, 164, 166, 171], "excluded_lines": [], "start_line": 145}, "chat_node": {"executed_lines": [], "summary": {"covered_lines": 0, "num_statements": 0, "percent_covered": 100.0, "percent_covered_display": "100", "missing_lines": 0, "excluded_lines": 1, "percent_statements_covered": 100.0, "percent_statements_covered_display": "100"}, "missing_lines": [], "excluded_lines": [184], "start_line": 175}, "": {"executed_lines": [6, 8, 9, 10, 11, 13, 14, 17, 28, 31, 50, 74, 145, 175], "summary": {"covered_lines": 14, "num_statements": 14, "percent_covered": 100.0, "percent_covered_display": "100", "missing_lines": 0, "excluded_lines": 2, "percent_statements_covered": 100.0, "percent_statements_covered_display": "100"}, "missing_lines": [], "excluded_lines": [24, 25], "start_line": 1}}, "classes": {"": {"executed_lines": [6, 8, 9, 10, 11, 13, 14, 17, 28, 31, 50, 74, 145, 175], "summary": {"covered_lines": 14, "num_statements": 43, "percent_covered": 32.55813953488372, "percent_covered_display": "33", "missing_lines": 29, "excluded_lines": 3, "percent_statements_covered": 32.55813953488372, "percent_statements_covered_display": "33"}, "missing_lines": [19, 21, 43, 47, 66, 67, 69, 71, 90, 106, 108, 109, 110, 111, 114, 117, 120, 128, 134, 136, 137, 139, 140, 142, 160, 163, 164, 166, 171], "excluded_lines": [24, 25, 184], "start_line": 1}}}, "app/agent/graphs/react.py": {"executed_lines": [9, 11, 13, 14, 15, 16, 17, 18, 20, 21, 23, 27, 28, 31, 32, 33, 36, 37, 40, 41, 42, 46, 48, 51, 87, 88, 90, 119, 123, 127, 135, 181, 201, 240, 279, 304, 327, 347, 348, 368], "summary": {"covered_lines": 40, "num_statements": 129, "percent_covered": 31.007751937984494, "percent_covered_display": "31", "missing_lines": 89, "excluded_lines": 0, "percent_statements_covered": 31.007751937984494, "percent_statements_covered_display": "31"}, "missing_lines": [30, 39, 105, 106, 107, 108, 109, 110, 112, 121, 125, 129, 143, 144, 145, 147, 148, 150, 152, 154, 155, 156, 158, 164, 165, 167, 168, 170, 171, 172, 175, 177, 178, 179, 187, 188, 189, 190, 192, 197, 199, 217, 219, 222, 225, 234, 235, 236, 238, 256, 258, 261, 264, 273, 274, 275, 276, 277, 291, 293, 297, 299, 300, 302, 310, 311, 312, 314, 318, 322, 323, 324, 325, 332, 333, 334, 337, 338, 339, 340, 341, 343, 345, 358, 359, 360, 361, 362, 408], "excluded_lines": [], "functions": {"ReactAgent.__init__": {"executed_lines": [], "summary": {"covered_lines": 0, "num_statements": 7, "percent_covered": 0.0, "percent_covered_display": "0", "missing_lines": 7, "excluded_lines": 0, "percent_statements_covered": 0.0, "percent_statements_covered_display": "0"}, "missing_lines": [105, 106, 107, 108, 109, 110, 112], "excluded_lines": [], "start_line": 90}, "ReactAgent.__aenter__": {"executed_lines": [], "summary": {"covered_lines": 0, "num_statements": 1, "percent_covered": 0.0, "percent_covered_display": "0", "missing_lines": 1, "excluded_lines": 0, "percent_statements_covered": 0.0, "percent_statements_covered_display": "0"}, "missing_lines": [121], "excluded_lines": [], "start_line": 119}, "ReactAgent.__aexit__": {"executed_lines": [], "summary": {"covered_lines": 0, "num_statements": 1, "percent_covered": 0.0, "percent_covered_display": "0", "missing_lines": 1, "excluded_lines": 0, "percent_statements_covered": 0.0, "percent_statements_covered_display": "0"}, "missing_lines": [125], "excluded_lines": [], "start_line": 123}, "ReactAgent._default_system_prompt": {"executed_lines": [], "summary": {"covered_lines": 0, "num_statements": 1, "percent_covered": 0.0, "percent_covered_display": "0", "missing_lines": 1, "excluded_lines": 0, "percent_statements_covered": 0.0, "percent_statements_covered_display": "0"}, "missing_lines": [129], "excluded_lines": [], "start_line": 127}, "ReactAgent._get_postgres_checkpointer": {"executed_lines": [], "summary": {"covered_lines": 0, "num_statements": 22, "percent_covered": 0.0, "percent_covered_display": "0", "missing_lines": 22, "excluded_lines": 0, "percent_statements_covered": 0.0, "percent_statements_covered_display": "0"}, "missing_lines": [143, 144, 145, 147, 148, 150, 152, 154, 155, 156, 158, 164, 165, 167, 168, 170, 171, 172, 175, 177, 178, 179], "excluded_lines": [], "start_line": 135}, "ReactAgent._get_graph": {"executed_lines": [], "summary": {"covered_lines": 0, "num_statements": 7, "percent_covered": 0.0, "percent_covered_display": "0", "missing_lines": 7, "excluded_lines": 0, "percent_statements_covered": 0.0, "percent_statements_covered_display": "0"}, "missing_lines": [187, 188, 189, 190, 192, 197, 199], "excluded_lines": [], "start_line": 181}, "ReactAgent.get_response": {"executed_lines": [], "summary": {"covered_lines": 0, "num_statements": 8, "percent_covered": 0.0, "percent_covered_display": "0", "missing_lines": 8, "excluded_lines": 0, "percent_statements_covered": 0.0, "percent_statements_covered_display": "0"}, "missing_lines": [217, 219, 222, 225, 234, 235, 236, 238], "excluded_lines": [], "start_line": 201}, "ReactAgent.get_stream_response": {"executed_lines": [], "summary": {"covered_lines": 0, "num_statements": 9, "percent_covered": 0.0, "percent_covered_display": "0", "missing_lines": 9, "excluded_lines": 0, "percent_statements_covered": 0.0, "percent_statements_covered_display": "0"}, "missing_lines": [256, 258, 261, 264, 273, 274, 275, 276, 277], "excluded_lines": [], "start_line": 240}, "ReactAgent.get_chat_history": {"executed_lines": [], "summary": {"covered_lines": 0, "num_statements": 6, "percent_covered": 0.0, "percent_covered_display": "0", "missing_lines": 6, "excluded_lines": 0, "percent_statements_covered": 0.0, "percent_statements_covered_display": "0"}, "missing_lines": [291, 293, 297, 299, 300, 302], "excluded_lines": [], "start_line": 279}, "ReactAgent.clear_chat_history": {"executed_lines": [], "summary": {"covered_lines": 0, "num_statements": 9, "percent_covered": 0.0, "percent_covered_display": "0", "missing_lines": 9, "excluded_lines": 0, "percent_statements_covered": 0.0, "percent_statements_covered_display": "0"}, "missing_lines": [310, 311, 312, 314, 318, 322, 323, 324, 325], "excluded_lines": [], "start_line": 304}, "ReactAgent.close": {"executed_lines": [], "summary": {"covered_lines": 0, "num_statements": 10, "percent_covered": 0.0, "percent_covered_display": "0", "missing_lines": 10, "excluded_lines": 0, "percent_statements_covered": 0.0, "percent_statements_covered_display": "0"}, "missing_lines": [332, 333, 334, 337, 338, 339, 340, 341, 343, 345], "excluded_lines": [], "start_line": 327}, "ReactAgent.shutdown_shared_pool": {"executed_lines": [], "summary": {"covered_lines": 0, "num_statements": 5, "percent_covered": 0.0, "percent_covered_display": "0", "missing_lines": 5, "excluded_lines": 0, "percent_statements_covered": 0.0, "percent_statements_covered_display": "0"}, "missing_lines": [358, 359, 360, 361, 362], "excluded_lines": [], "start_line": 348}, "create_react_agent": {"executed_lines": [], "summary": {"covered_lines": 0, "num_statements": 1, "percent_covered": 0.0, "percent_covered_display": "0", "missing_lines": 1, "excluded_lines": 0, "percent_statements_covered": 0.0, "percent_statements_covered_display": "0"}, "missing_lines": [408], "excluded_lines": [], "start_line": 368}, "": {"executed_lines": [9, 11, 13, 14, 15, 16, 17, 18, 20, 21, 23, 27, 28, 31, 32, 33, 36, 37, 40, 41, 42, 46, 48, 51, 87, 88, 90, 119, 123, 127, 135, 181, 201, 240, 279, 304, 327, 347, 348, 368], "summary": {"covered_lines": 40, "num_statements": 42, "percent_covered": 95.23809523809524, "percent_covered_display": "95", "missing_lines": 2, "excluded_lines": 0, "percent_statements_covered": 95.23809523809524, "percent_statements_covered_display": "95"}, "missing_lines": [30, 39], "excluded_lines": [], "start_line": 1}}, "classes": {"ReactAgent": {"executed_lines": [], "summary": {"covered_lines": 0, "num_statements": 86, "percent_covered": 0.0, "percent_covered_display": "0", "missing_lines": 86, "excluded_lines": 0, "percent_statements_covered": 0.0, "percent_statements_covered_display": "0"}, "missing_lines": [105, 106, 107, 108, 109, 110, 112, 121, 125, 129, 143, 144, 145, 147, 148, 150, 152, 154, 155, 156, 158, 164, 165, 167, 168, 170, 171, 172, 175, 177, 178, 179, 187, 188, 189, 190, 192, 197, 199, 217, 219, 222, 225, 234, 235, 236, 238, 256, 258, 261, 264, 273, 274, 275, 276, 277, 291, 293, 297, 299, 300, 302, 310, 311, 312, 314, 318, 322, 323, 324, 325, 332, 333, 334, 337, 338, 339, 340, 341, 343, 345, 358, 359, 360, 361, 362], "excluded_lines": [], "start_line": 51}, "": {"executed_lines": [9, 11, 13, 14, 15, 16, 17, 18, 20, 21, 23, 27, 28, 31, 32, 33, 36, 37, 40, 41, 42, 46, 48, 51, 87, 88, 90, 119, 123, 127, 135, 181, 201, 240, 279, 304, 327, 347, 348, 368], "summary": {"covered_lines": 40, "num_statements": 43, "percent_covered": 93.02325581395348, "percent_covered_display": "93", "missing_lines": 3, "excluded_lines": 0, "percent_statements_covered": 93.02325581395348, "percent_statements_covered_display": "93"}, "missing_lines": [30, 39, 408], "excluded_lines": [], "start_line": 1}}}, "app/agent/graphs/routes.py": {"executed_lines": [7, 9], "summary": {"covered_lines": 2, "num_statements": 2, "percent_covered": 100.0, "percent_covered_display": "100", "missing_lines": 0, "excluded_lines": 0, "percent_statements_covered": 100.0, "percent_statements_covered_display": "100"}, "missing_lines": [], "excluded_lines": [], "functions": {"": {"executed_lines": [7, 9], "summary": {"covered_lines": 2, "num_statements": 2, "percent_covered": 100.0, "percent_covered_display": "100", "missing_lines": 0, "excluded_lines": 0, "percent_statements_covered": 100.0, "percent_statements_covered_display": "100"}, "missing_lines": [], "excluded_lines": [], "start_line": 1}}, "classes": {"": {"executed_lines": [7, 9], "summary": {"covered_lines": 2, "num_statements": 2, "percent_covered": 100.0, "percent_covered_display": "100", "missing_lines": 0, "excluded_lines": 0, "percent_statements_covered": 100.0, "percent_statements_covered_display": "100"}, "missing_lines": [], "excluded_lines": [], "start_line": 1}}}, "app/agent/memory/__init__.py": {"executed_lines": [36, 37, 38, 39, 41], "summary": {"covered_lines": 5, "num_statements": 5, "percent_covered": 100.0, "percent_covered_display": "100", "missing_lines": 0, "excluded_lines": 0, "percent_statements_covered": 100.0, "percent_statements_covered_display": "100"}, "missing_lines": [], "excluded_lines": [], "functions": {"": {"executed_lines": [36, 37, 38, 39, 41], "summary": {"covered_lines": 5, "num_statements": 5, "percent_covered": 100.0, "percent_covered_display": "100", "missing_lines": 0, "excluded_lines": 0, "percent_statements_covered": 100.0, "percent_statements_covered_display": "100"}, "missing_lines": [], "excluded_lines": [], "start_line": 1}}, "classes": {"": {"executed_lines": [36, 37, 38, 39, 41], "summary": {"covered_lines": 5, "num_statements": 5, "percent_covered": 100.0, "percent_covered_display": "100", "missing_lines": 0, "excluded_lines": 0, "percent_statements_covered": 100.0, "percent_statements_covered_display": "100"}, "missing_lines": [], "excluded_lines": [], "start_line": 1}}}, "app/agent/memory/base.py": {"executed_lines": [6, 7, 9, 12, 18, 19, 27, 28, 39, 40, 44, 45, 54, 60, 61, 77, 78, 96, 97, 108, 109], "summary": {"covered_lines": 21, "num_statements": 29, "percent_covered": 72.41379310344827, "percent_covered_display": "72", "missing_lines": 8, "excluded_lines": 0, "percent_statements_covered": 72.41379310344827, "percent_statements_covered_display": "72"}, "missing_lines": [25, 37, 42, 51, 75, 94, 106, 125], "excluded_lines": [], "functions": {"BaseMemory.add_message": {"executed_lines": [], "summary": {"covered_lines": 0, "num_statements": 1, "percent_covered": 0.0, "percent_covered_display": "0", "missing_l
[...]
: "32", "missing_lines": 30, "excluded_lines": 0, "percent_statements_covered": 31.818181818181817, "percent_statements_covered_display": "32"}, "missing_lines": [26, 42, 44, 49, 63, 64, 69, 70, 71, 72, 75, 91, 105, 107, 108, 111, 112, 113, 114, 117, 133, 134, 135, 136, 137, 138, 139, 140, 141, 142], "excluded_lines": [], "functions": {"SessionRepository.__init__": {"executed_lines": [], "summary": {"covered_lines": 0, "num_statements": 1, "percent_covered": 0.0, "percent_covered_display": "0", "missing_lines": 1, "excluded_lines": 0, "percent_statements_covered": 0.0, "percent_statements_covered_display": "0"}, "missing_lines": [26], "excluded_lines": [], "start_line": 20}, "SessionRepository.create_with_user": {"executed_lines": [], "summary": {"covered_lines": 0, "num_statements": 3, "percent_covered": 0.0, "percent_covered_display": "0", "missing_lines": 3, "excluded_lines": 0, "percent_statements_covered": 0.0, "percent_statements_covered_display": "0"}, "missing_lines": [42, 44, 49], "excluded_lines": [], "start_line": 28}, "SessionRepository.get_with_messages": {"executed_lines": [], "summary": {"covered_lines": 0, "num_statements": 7, "percent_covered": 0.0, "percent_covered_display": "0", "missing_lines": 7, "excluded_lines": 0, "percent_statements_covered": 0.0, "percent_statements_covered_display": "0"}, "missing_lines": [63, 64, 69, 70, 71, 72, 75], "excluded_lines": [], "start_line": 51}, "SessionRepository.list_by_user": {"executed_lines": [], "summary": {"covered_lines": 0, "num_statements": 1, "percent_covered": 0.0, "percent_covered_display": "0", "missing_lines": 1, "excluded_lines": 0, "percent_statements_covered": 0.0, "percent_statements_covered_display": "0"}, "missing_lines": [91], "excluded_lines": [], "start_line": 77}, "SessionRepository.get_message_count": {"executed_lines": [], "summary": {"covered_lines": 0, "num_statements": 8, "percent_covered": 0.0, "percent_covered_display": "0", "missing_lines": 8, "excluded_lines": 0, "percent_statements_covered": 0.0, "percent_statements_covered_display": "0"}, "missing_lines": [105, 107, 108, 111, 112, 113, 114, 117], "excluded_lines": [], "start_line": 93}, "SessionRepository.list_recent": {"executed_lines": [], "summary": {"covered_lines": 0, "num_statements": 10, "percent_covered": 0.0, "percent_covered_display": "0", "missing_lines": 10, "excluded_lines": 0, "percent_statements_covered": 0.0, "percent_statements_covered_display": "0"}, "missing_lines": [133, 134, 135, 136, 137, 138, 139, 140, 141, 142], "excluded_lines": [], "start_line": 119}, "": {"executed_lines": [6, 7, 8, 10, 11, 12, 14, 17, 20, 28, 51, 77, 93, 119], "summary": {"covered_lines": 14, "num_statements": 14, "percent_covered": 100.0, "percent_covered_display": "100", "missing_lines": 0, "excluded_lines": 0, "percent_statements_covered": 100.0, "percent_statements_covered_display": "100"}, "missing_lines": [], "excluded_lines": [], "start_line": 1}}, "classes": {"SessionRepository": {"executed_lines": [], "summary": {"covered_lines": 0, "num_statements": 30, "percent_covered": 0.0, "percent_covered_display": "0", "missing_lines": 30, "excluded_lines": 0, "percent_statements_covered": 0.0, "percent_statements_covered_display": "0"}, "missing_lines": [26, 42, 44, 49, 63, 64, 69, 70, 71, 72, 75, 91, 105, 107, 108, 111, 112, 113, 114, 117, 133, 134, 135, 136, 137, 138, 139, 140, 141, 142], "excluded_lines": [], "start_line": 17}, "": {"executed_lines": [6, 7, 8, 10, 11, 12, 14, 17, 20, 28, 51, 77, 93, 119], "summary": {"covered_lines": 14, "num_statements": 14, "percent_covered": 100.0, "percent_covered_display": "100", "missing_lines": 0, "excluded_lines": 0, "percent_statements_covered": 100.0, "percent_statements_covered_display": "100"}, "missing_lines": [], "excluded_lines": [], "start_line": 1}}}, "app/repositories/thread.py": {"executed_lines": [6, 8, 9, 10, 12, 15, 21, 29, 43, 67, 83, 99, 121, 135], "summary": {"covered_lines": 14, "num_statements": 29, "percent_covered": 48.275862068965516, "percent_covered_display": "48", "missing_lines": 15, "excluded_lines": 0, "percent_statements_covered": 48.275862068965516, "percent_statements_covered_display": "48"}, "missing_lines": [27, 41, 59, 65, 81, 97, 113, 114, 115, 116, 117, 118, 119, 133, 147], "excluded_lines": [], "functions": {"ThreadRepository.__init__": {"executed_lines": [], "summary": {"covered_lines": 0, "num_statements": 1, "percent_covered": 0.0, "percent_covered_display": "0", "missing_lines": 1, "excluded_lines": 0, "percent_statements_covered": 0.0, "percent_statements_covered_display": "0"}, "missing_lines": [27], "excluded_lines": [], "start_line": 21}, "ThreadRepository.get_by_id": {"executed_lines": [], "summary": {"covered_lines": 0, "num_statements": 1, "percent_covered": 0.0, "percent_covered_display": "0", "missing_lines": 1, "excluded_lines": 0, "percent_statements_covered": 0.0, "percent_statements_covered_display": "0"}, "missing_lines": [41], "excluded_lines": [], "start_line": 29}, "ThreadRepository.create_thread": {"executed_lines": [], "summary": {"covered_lines": 0, "num_statements": 2, "percent_covered": 0.0, "percent_covered_display": "0", "missing_lines": 2, "excluded_lines": 0, "percent_statements_covered": 0.0, "percent_statements_covered_display": "0"}, "missing_lines": [59, 65], "excluded_lines": [], "start_line": 43}, "ThreadRepository.list_by_user": {"executed_lines": [], "summary": {"covered_lines": 0, "num_statements": 1, "percent_covered": 0.0, "percent_covered_display": "0", "missing_lines": 1, "excluded_lines": 0, "percent_statements_covered": 0.0, "percent_statements_covered_display": "0"}, "missing_lines": [81], "excluded_lines": [], "start_line": 67}, "ThreadRepository.list_by_status": {"executed_lines": [], "summary": {"covered_lines": 0, "num_statements": 1, "percent_covered": 0.0, "percent_covered_display": "0", "missing_lines": 1, "excluded_lines": 0, "percent_statements_covered": 0.0, "percent_statements_covered_display": "0"}, "missing_lines": [97], "excluded_lines": [], "start_line": 83}, "ThreadRepository.update_status": {"executed_lines": [], "summary": {"covered_lines": 0, "num_statements": 7, "percent_covered": 0.0, "percent_covered_display": "0", "missing_lines": 7, "excluded_lines": 0, "percent_statements_covered": 0.0, "percent_statements_covered_display": "0"}, "missing_lines": [113, 114, 115, 116, 117, 118, 119], "excluded_lines": [], "start_line": 99}, "ThreadRepository.archive": {"executed_lines": [], "summary": {"covered_lines": 0, "num_statements": 1, "percent_covered": 0.0, "percent_covered_display": "0", "missing_lines": 1, "excluded_lines": 0, "percent_statements_covered": 0.0, "percent_statements_covered_display": "0"}, "missing_lines": [133], "excluded_lines": [], "start_line": 121}, "ThreadRepository.delete_soft": {"executed_lines": [], "summary": {"covered_lines": 0, "num_statements": 1, "percent_covered": 0.0, "percent_covered_display": "0", "missing_lines": 1, "excluded_lines": 0, "percent_statements_covered": 0.0, "percent_statements_covered_display": "0"}, "missing_lines": [147], "excluded_lines": [], "start_line": 135}, "": {"executed_lines": [6, 8, 9, 10, 12, 15, 21, 29, 43, 67, 83, 99, 121, 135], "summary": {"covered_lines": 14, "num_statements": 14, "percent_covered": 100.0, "percent_covered_display": "100", "missing_lines": 0, "excluded_lines": 0, "percent_statements_covered": 100.0, "percent_statements_covered_display": "100"}, "missing_lines": [], "excluded_lines": [], "start_line": 1}}, "classes": {"ThreadRepository": {"executed_lines": [], "summary": {"covered_lines": 0, "num_statements": 15, "percent_covered": 0.0, "percent_covered_display": "0", "missing_lines": 15, "excluded_lines": 0, "percent_statements_covered": 0.0, "percent_statements_covered_display": "0"}, "missing_lines": [27, 41, 59, 65, 81, 97, 113, 114, 115, 116, 117, 118, 119, 133, 147], "excluded_lines": [], "start_line": 15}, "": {"executed_lines": [6, 8, 9, 10, 12, 15, 21, 29, 43, 67, 83, 99, 121, 135], "summary": {"covered_lines": 14, "num_statements": 14, "percent_covered": 100.0, "percent_covered_display": "100", "missing_lines": 0, "excluded_lines": 0, "percent_statements_covered": 100.0, "percent_statements_covered_display": "100"}, "missing_lines": [], "excluded_lines": [], "start_line": 1}}}, "app/repositories/user.py": {"executed_lines": [6, 7, 9, 10, 11, 13, 16, 22, 30, 47, 80, 110, 124, 143], "summary": {"covered_lines": 14, "num_statements": 60, "percent_covered": 23.333333333333332, "percent_covered_display": "23", "missing_lines": 46, "excluded_lines": 0, "percent_statements_covered": 23.333333333333332, "percent_statements_covered_display": "23"}, "missing_lines": [28, 39, 40, 41, 42, 43, 44, 45, 59, 60, 66, 68, 69, 70, 72, 73, 75, 76, 77, 78, 94, 95, 96, 97, 99, 100, 102, 103, 105, 106, 107, 108, 122, 138, 139, 140, 141, 157, 158, 159, 160, 161, 162, 163, 164, 165], "excluded_lines": [], "functions": {"UserRepository.__init__": {"executed_lines": [], "summary": {"covered_lines": 0, "num_statements": 1, "percent_covered": 0.0, "percent_covered_display": "0", "missing_lines": 1, "excluded_lines": 0, "percent_statements_covered": 0.0, "percent_statements_covered_display": "0"}, "missing_lines": [28], "excluded_lines": [], "start_line": 22}, "UserRepository.get_by_email": {"executed_lines": [], "summary": {"covered_lines": 0, "num_statements": 7, "percent_covered": 0.0, "percent_covered_display": "0", "missing_lines": 7, "excluded_lines": 0, "percent_statements_covered": 0.0, "percent_statements_covered_display": "0"}, "missing_lines": [39, 40, 41, 42, 43, 44, 45], "excluded_lines": [], "start_line": 30}, "UserRepository.create_with_password": {"executed_lines": [], "summary": {"covered_lines": 0, "num_statements": 12, "percent_covered": 0.0, "percent_covered_display": "0", "missing_lines": 12, "excluded_lines": 0, "percent_statements_covered": 0.0, "percent_statements_covered_display": "0"}, "missing_lines": [59, 60, 66, 68, 69, 70, 72, 73, 75, 76, 77, 78], "excluded_lines": [], "start_line": 47}, "UserRepository.update_password": {"executed_lines": [], "summary": {"covered_lines": 0, "num_statements": 12, "percent_covered": 0.0, "percent_covered_display": "0", "missing_lines": 12, "excluded_lines": 0, "percent_statements_covered": 0.0, "percent_statements_covered_display": "0"}, "missing_lines": [94, 95, 96, 97, 99, 100, 102, 103, 105, 106, 107, 108], "excluded_lines": [], "start_line": 80}, "UserRepository.list_active": {"executed_lines": [], "summary": {"covered_lines": 0, "num_statements": 1, "percent_covered": 0.0, "percent_covered_display": "0", "missing_lines": 1, "excluded_lines": 0, "percent_statements_covered": 0.0, "percent_statements_covered_display": "0"}, "missing_lines": [122], "excluded_lines": [], "start_line": 110}, "UserRepository.verify_password": {"executed_lines": [], "summary": {"covered_lines": 0, "num_statements": 4, "percent_covered": 0.0, "percent_covered_display": "0", "missing_lines": 4, "excluded_lines": 0, "percent_statements_covered": 0.0, "percent_statements_covered_display": "0"}, "missing_lines": [138, 139, 140, 141], "excluded_lines": [], "start_line": 124}, "UserRepository.email_exists": {"executed_lines": [], "summary": {"covered_lines": 0, "num_statements": 9, "percent_covered": 0.0, "percent_covered_display": "0", "missing_lines": 9, "excluded_lines": 0, "percent_statements_covered": 0.0, "percent_statements_covered_display": "0"}, "missing_lines": [157, 158, 159, 160, 161, 162, 163, 164, 165], "excluded_lines": [], "start_line": 143}, "": {"executed_lines": [6, 7, 9, 10, 11, 13, 16, 22, 30, 47, 80, 110, 124, 143], "summary": {"covered_lines": 14, "num_statements": 14, "percent_covered": 100.0, "percent_covered_display": "100", "missing_lines": 0, "excluded_lines": 0, "percent_statements_covered": 100.0, "percent_statements_covered_display": "100"}, "missing_lines": [], "excluded_lines": [], "start_line": 1}}, "classes": {"UserRepository": {"executed_lines": [], "summary": {"covered_lines": 0, "num_statements": 46, "percent_covered": 0.0, "percent_covered_display": "0", "missing_lines": 46, "excluded_lines": 0, "percent_statements_covered": 0.0, "percent_statements_covered_display": "0"}, "missing_lines": [28, 39, 40, 41, 42, 43, 44, 45, 59, 60, 66, 68, 69, 70, 72, 73, 75, 76, 77, 78, 94, 95, 96, 97, 99, 100, 102, 103, 105, 106, 107, 108, 122, 138, 139, 140, 141, 157, 158, 159, 160, 161, 162, 163, 164, 165], "excluded_lines": [], "start_line": 16}, "": {"executed_lines": [6, 7, 9, 10, 11, 13, 16, 22, 30, 47, 80, 110, 124, 143], "summary": {"covered_lines": 14, "num_statements": 14, "percent_covered": 100.0, "percent_covered_display": "100", "missing_lines": 0, "excluded_lines": 0, "percent_statements_covered": 100.0, "percent_statements_covered_display": "100"}, "missing_lines": [], "excluded_lines": [], "start_line": 1}}}, "app/schemas/__init__.py": {"executed_lines": [], "summary": {"covered_lines": 0, "num_statements": 0, "percent_covered": 100.0, "percent_covered_display": "100", "missing_lines": 0, "excluded_lines": 0, "percent_statements_covered": 100.0, "percent_statements_covered_display": "100"}, "missing_lines": [], "excluded_lines": [], "functions": {"": {"executed_lines": [], "summary": {"covered_lines": 0, "num_statements": 0, "percent_covered": 100.0, "percent_covered_display": "100", "missing_lines": 0, "excluded_lines": 0, "percent_statements_covered": 100.0, "percent_statements_covered_display": "100"}, "missing_lines": [], "excluded_lines": [], "start_line": 1}}, "classes": {"": {"executed_lines": [], "summary": {"covered_lines": 0, "num_statements": 0, "percent_covered": 100.0, "percent_covered_display": "100", "missing_lines": 0, "excluded_lines": 0, "percent_statements_covered": 100.0, "percent_statements_covered_display": "100"}, "missing_lines": [], "excluded_lines": [], "start_line": 1}}}, "app/schemas/auth.py": {"executed_lines": [3, 6, 9, 10, 13, 16, 17, 18, 21, 24, 25, 26, 27, 30, 33, 34, 35, 36, 39, 42, 43, 46, 49, 50, 51, 52], "summary": {"covered_lines": 26, "num_statements": 26, "percent_covered": 100.0, "percent_covered_display": "100", "missing_lines": 0, "excluded_lines": 0, "percent_statements_covered": 100.0, "percent_statements_covered_display": "100"}, "missing_lines": [], "excluded_lines": [], "functions": {"": {"executed_lines": [3, 6, 9, 10, 13, 16, 17, 18, 21, 24, 25, 26, 27, 30, 33, 34, 35, 36, 39, 42, 43, 46, 49, 50, 51, 52], "summary": {"covered_lines": 26, "num_statements": 26, "percent_covered": 100.0, "percent_covered_display": "100", "missing_lines": 0, "excluded_lines": 0, "percent_statements_covered": 100.0, "percent_statements_covered_display": "100"}, "missing_lines": [], "excluded_lines": [], "start_line": 1}}, "classes": {"LoginRequest": {"executed_lines": [], "summary": {"covered_lines": 0, "num_statements": 0, "percent_covered": 100.0, "percent_covered_display": "100", "missing_lines": 0, "excluded_lines": 0, "percent_statements_covered": 100.0, "percent_statements_covered_display": "100"}, "missing_lines": [], "excluded_lines": [], "start_line": 6}, "RegisterRequest": {"executed_lines": [], "summary": {"covered_lines": 0, "num_statements": 0, "percent_covered": 100.0, "percent_covered_display": "100", "missing_lines": 0, "excluded_lines": 0, "percent_statements_covered": 100.0, "percent_statements_covered_display": "100"}, "missing_lines": [], "excluded_lines": [], "start_line": 13}, "TokenResponse": {"executed_lines": [], "summary": {"covered_lines": 0, "num_statements": 0, "percent_covered": 100.0, "percent_covered_display": "100", "missing_lines": 0, "excluded_lines": 0, "percent_statements_covered": 100.0, "percent_statements_covered_display": "100"}, "missing_lines": [], "excluded_lines": [], "start_line": 21}, "User": {"executed_lines": [], "summary": {"covered_lines": 0, "num_statements": 0, "percent_covered": 100.0, "percent_covered_display": "100", "missing_lines": 0, "excluded_lines": 0, "percent_statements_covered": 100.0, "percent_statements_covered_display": "100"}, "missing_lines": [], "excluded_lines": [], "start_line": 30}, "APIKeyRequest": {"executed_lines": [], "summary": {"covered_lines": 0, "num_statements": 0, "percent_covered": 100.0, "percent_covered_display": "100", "missing_lines": 0, "excluded_lines": 0, "percent_statements_covered": 100.0, "percent_statements_covered_display": "100"}, "missing_lines": [], "excluded_lines": [], "start_line": 39}, "APIKeyResponse": {"executed_lines": [], "summary": {"covered_lines": 0, "num_statements": 0, "percent_covered": 100.0, "percent_covered_display": "100", "missing_lines": 0, "excluded_lines": 0, "percent_statements_covered": 100.0, "percent_statements_covered_display": "100"}, "missing_lines": [], "excluded_lines": [], "start_line": 46}, "": {"executed_lines": [3, 6, 9, 10, 13, 16, 17, 18, 21, 24, 25, 26, 27, 30, 33, 34, 35, 36, 39, 42, 43, 46, 49, 50, 51, 52], "summary": {"covered_lines": 26, "num_statements": 26, "percent_covered": 100.0, "percent_covered_display": "100", "missing_lines": 0, "excluded_lines": 0, "percent_statements_covered": 100.0, "percent_statements_covered_display": "100"}, "missing_lines": [], "excluded_lines": [], "start_line": 1}}}, "app/schemas/chat.py": {"executed_lines": [3, 6, 9, 10, 11, 14, 17, 18, 19, 22, 25, 26, 29, 32, 33], "summary": {"covered_lines": 15, "num_statements": 15, "percent_covered": 100.0, "percent_covered_display": "100", "missing_lines": 0, "excluded_lines": 0, "percent_statements_covered": 100.0, "percent_statements_covered_display": "100"}, "missing_lines": [], "excluded_lines": [], "functions": {"": {"executed_lines": [3, 6, 9, 10, 11, 14, 17, 18, 19, 22, 25, 26, 29, 32, 33], "summary": {"covered_lines": 15, "num_statements": 15, "percent_covered": 100.0, "percent_covered_display": "100", "missing_lines": 0, "excluded_lines": 0, "percent_statements_covered": 100.0, "percent_statements_covered_display": "100"}, "missing_lines": [], "excluded_lines": [], "start_line": 1}}, "classes": {"ChatRequest": {"executed_lines": [], "summary": {"covered_lines": 0, "num_statements": 0, "percent_covered": 100.0, "percent_covered_display": "100", "missing_lines": 0, "excluded_lines": 0, "percent_statements_covered": 100.0, "percent_statements_covered_display": "100"}, "missing_lines": [], "excluded_lines": [], "start_line": 6}, "ChatResponse": {"executed_lines": [], "summary": {"covered_lines": 0, "num_statements": 0, "percent_covered": 100.0, "percent_covered_display": "100", "missing_lines": 0, "excluded_lines": 0, "percent_statements_covered": 100.0, "percent_statements_covered_display": "100"}, "missing_lines": [], "excluded_lines": [], "start_line": 14}, "Message": {"executed_lines": [], "summary": {"covered_lines": 0, "num_statements": 0, "percent_covered": 100.0, "percent_covered_display": "100", "missing_lines": 0, "excluded_lines": 0, "percent_statements_covered": 100.0, "percent_statements_covered_display": "100"}, "missing_lines": [], "excluded_lines": [], "start_line": 22}, "ChatHistory": {"executed_lines": [], "summary": {"covered_lines": 0, "num_statements": 0, "percent_covered": 100.0, "percent_covered_display": "100", "missing_lines": 0, "excluded_lines": 0, "percent_statements_covered": 100.0, "percent_statements_covered_display": "100"}, "missing_lines": [], "excluded_lines": [], "start_line": 29}, "": {"executed_lines": [3, 6, 9, 10, 11, 14, 17, 18, 19, 22, 25, 26, 29, 32, 33], "summary": {"covered_lines": 15, "num_statements": 15, "percent_covered": 100.0, "percent_covered_display": "100", "missing_lines": 0, "excluded_lines": 0, "percent_statements_covered": 100.0, "percent_statements_covered_display": "100"}, "missing_lines": [], "excluded_lines": [], "start_line": 1}}}}, "totals": {"covered_lines": 2391, "num_statements": 5899, "percent_covered": 40.53229360908629, "percent_covered_display": "41", "missing_lines": 3508, "excluded_lines": 13, "percent_statements_covered": 40.53229360908629, "percent_statements_covered_display": "41"}}